<?xml version="1.0" encoding="UTF-8" ?>
<testsuite tests="1" failures="0" name="ejb.SuiteTest" time="160.871" errors="1" skipped="0">
  <properties>
[...]
</properties>
  <testcase classname="ejb.SuiteTest" name="ejb.SuiteTest" time="160.871">
    <error message="Exception [EclipseLink-4002] (Eclipse Persistence Services - 2.7.6.v20200131-b7c997804f): org.eclipse.persistence.exceptions.DatabaseException
Internal Exception: org.h2.jdbc.JdbcSQLInvalidAuthorizationSpecException: Nombre de usuario ó password incorrecto
Wrong user name or password [28000-200]
Error Code: 28000" type="javax.persistence.PersistenceException">javax.persistence.PersistenceException: Exception [EclipseLink-4002] (Eclipse Persistence Services - 2.7.6.v20200131-b7c997804f): org.eclipse.persistence.exceptions.DatabaseException
Internal Exception: org.h2.jdbc.JdbcSQLInvalidAuthorizationSpecException: Nombre de usuario ó password incorrecto
Wrong user name or password [28000-200]
Error Code: 28000
	at org.eclipse.persistence.internal.jpa.EntityManagerSetupImpl.deploy(EntityManagerSetupImpl.java:857)
	at org.eclipse.persistence.internal.jpa.EntityManagerFactoryDelegate.getAbstractSession(EntityManagerFactoryDelegate.java:222)
	at org.eclipse.persistence.internal.jpa.EntityManagerFactoryDelegate.getDatabaseSession(EntityManagerFactoryDelegate.java:200)
	at org.eclipse.persistence.internal.jpa.EntityManagerFactoryImpl.getDatabaseSession(EntityManagerFactoryImpl.java:542)
	at org.eclipse.persistence.jpa.PersistenceProvider.createEntityManagerFactoryImpl(PersistenceProvider.java:153)
	at org.eclipse.persistence.jpa.PersistenceProvider.createEntityManagerFactory(PersistenceProvider.java:191)
	at javax.persistence.Persistence.createEntityManagerFactory(Persistence.java:80)
	at javax.persistence.Persistence.createEntityManagerFactory(Persistence.java:55)
	at ejb.BaseDatos.inicializaBaseDatos(BaseDatos.java:25)
	at ejb.SuiteTest.setUpClass(SuiteTest.java:43)
	at java.base/jdk.internal.reflect.NativeMethodAccessorImpl.invoke0(Native Method)
	at java.base/jdk.internal.reflect.NativeMethodAccessorImpl.invoke(NativeMethodAccessorImpl.java:62)
	at java.base/jdk.internal.reflect.DelegatingMethodAccessorImpl.invoke(DelegatingMethodAccessorImpl.java:43)
	at java.base/java.lang.reflect.Method.invoke(Method.java:564)
	at org.junit.runners.model.FrameworkMethod$1.runReflectiveCall(FrameworkMethod.java:59)
	at org.junit.internal.runners.model.ReflectiveCallable.run(ReflectiveCallable.java:12)
	at org.junit.runners.model.FrameworkMethod.invokeExplosively(FrameworkMethod.java:56)
	at org.junit.internal.runners.statements.RunBefores.invokeMethod(RunBefores.java:33)
	at org.junit.internal.runners.statements.RunBefores.evaluate(RunBefores.java:24)
	at org.junit.internal.runners.statements.RunAfters.evaluate(RunAfters.java:27)
	at org.junit.runners.ParentRunner$3.evaluate(ParentRunner.java:306)
	at org.junit.runners.ParentRunner.run(ParentRunner.java:413)
	at org.apache.maven.surefire.junit4.JUnit4Provider.execute(JUnit4Provider.java:252)
	at org.apache.maven.surefire.junit4.JUnit4Provider.executeTestSet(JUnit4Provider.java:141)
	at org.apache.maven.surefire.junit4.JUnit4Provider.invoke(JUnit4Provider.java:112)
	at java.base/jdk.internal.reflect.NativeMethodAccessorImpl.invoke0(Native Method)
	at java.base/jdk.internal.reflect.NativeMethodAccessorImpl.invoke(NativeMethodAccessorImpl.java:62)
	at java.base/jdk.internal.reflect.DelegatingMethodAccessorImpl.invoke(DelegatingMethodAccessorImpl.java:43)
	at java.base/java.lang.reflect.Method.invoke(Method.java:564)
	at org.apache.maven.surefire.util.ReflectionUtils.invokeMethodWithArray(ReflectionUtils.java:189)
	at org.apache.maven.surefire.booter.ProviderFactory$ProviderProxy.invoke(ProviderFactory.java:165)
	at org.apache.maven.surefire.booter.ProviderFactory.invokeProvider(ProviderFactory.java:85)
	at org.apache.maven.surefire.booter.ForkedBooter.runSuitesInProcess(ForkedBooter.java:115)
	at org.apache.maven.surefire.booter.ForkedBooter.main(ForkedBooter.java:75)
Caused by: Exception [EclipseLink-4002] (Eclipse Persistence Services - 2.7.6.v20200131-b7c997804f): org.eclipse.persistence.exceptions.DatabaseException
Internal Exception: org.h2.jdbc.JdbcSQLInvalidAuthorizationSpecException: Nombre de usuario ó password incorrecto
Wrong user name or password [28000-200]
Error Code: 28000
	at org.eclipse.persistence.exceptions.DatabaseException.sqlException(DatabaseException.java:333)
	at org.eclipse.persistence.exceptions.DatabaseException.sqlException(DatabaseException.java:328)
	at org.eclipse.persistence.sessions.DefaultConnector.connect(DefaultConnector.java:140)
	at org.eclipse.persistence.sessions.DatasourceLogin.connectToDatasource(DatasourceLogin.java:172)
	at org.eclipse.persistence.internal.sessions.DatabaseSessionImpl.setOrDetectDatasource(DatabaseSessionImpl.java:225)
	at org.eclipse.persistence.internal.sessions.DatabaseSessionImpl.loginAndDetectDatasource(DatabaseSessionImpl.java:809)
	at org.eclipse.persistence.internal.jpa.EntityManagerFactoryProvider.login(EntityManagerFactoryProvider.java:256)
	at org.eclipse.persistence.internal.jpa.EntityManagerSetupImpl.deploy(EntityManagerSetupImpl.java:772)
	... 33 more
Caused by: org.h2.jdbc.JdbcSQLInvalidAuthorizationSpecException: Nombre de usuario ó password incorrecto
Wrong user name or password [28000-200]
	at org.h2.message.DbException.getJdbcSQLException(DbException.java:461)
	at org.h2.message.DbException.getJdbcSQLException(DbException.java:429)
	at org.h2.message.DbException.get(DbException.java:205)
	at org.h2.message.DbException.get(DbException.java:181)
	at org.h2.message.DbException.get(DbException.java:170)
	at org.h2.engine.Engine.validateUserAndPassword(Engine.java:357)
	at org.h2.engine.Engine.createSessionAndValidate(Engine.java:176)
	at org.h2.engine.Engine.createSession(Engine.java:166)
	at org.h2.engine.Engine.createSession(Engine.java:29)
	at org.h2.engine.SessionRemote.connectEmbeddedOrServer(SessionRemote.java:340)
	at org.h2.jdbc.JdbcConnection.&lt;init&gt;(JdbcConnection.java:173)
	at org.h2.jdbc.JdbcConnection.&lt;init&gt;(JdbcConnection.java:152)
	at org.h2.Driver.connect(Driver.java:69)
	at java.sql/java.sql.DriverManager.getConnection(DriverManager.java:677)
	at java.sql/java.sql.DriverManager.getConnection(DriverManager.java:189)
	at org.eclipse.persistence.sessions.DefaultConnector.connect(DefaultConnector.java:100)
	... 38 more
</error>
    <system-out>PlainTextActionReporterSUCCESSNo monitoring data to report.
JdbcRuntimeExtension,  getAllSystemRAResourcesAndPools = [GlassFishConfigBean.org.glassfish.jdbc.config.JdbcResource, GlassFishConfigBean.org.glassfish.jdbc.config.JdbcResource, GlassFishConfigBean.org.glassfish.jdbc.config.JdbcResource, GlassFishConfigBean.org.glassfish.jdbc.config.JdbcConnectionPool, GlassFishConfigBean.org.glassfish.jdbc.config.JdbcConnectionPool, GlassFishConfigBean.org.glassfish.jdbc.config.JdbcConnectionPool]
JdbcRuntimeExtension,  getAllSystemRAResourcesAndPools = [GlassFishConfigBean.org.glassfish.jdbc.config.JdbcResource, GlassFishConfigBean.org.glassfish.jdbc.config.JdbcResource, GlassFishConfigBean.org.glassfish.jdbc.config.JdbcResource, GlassFishConfigBean.org.glassfish.jdbc.config.JdbcConnectionPool, GlassFishConfigBean.org.glassfish.jdbc.config.JdbcConnectionPool, GlassFishConfigBean.org.glassfish.jdbc.config.JdbcConnectionPool]
</system-out>
    <system-err>may. 18, 2021 3:51:28 P. M. org.glassfish.ejb.embedded.EJBContainerProviderImpl getValidFile
WARNING: EJB6008:Specified or calculated application server instance [C:\Users\Efrain\.m2\repository\org\glassfish\main\extras\glassfish-embedded-all\domains\domain1] does not exist.
may. 18, 2021 3:51:28 P. M. org.glassfish.ejb.embedded.EJBContainerProviderImpl createContainer
INFO: [EJBContainerProviderImpl] Using config file location: file:/C:/Users/Efrain/AppData/Local/Temp/domain17072987842707857704xml
may. 18, 2021 3:51:29 P. M. org.glassfish.ejb.embedded.EJBContainerProviderImpl createContainer
INFO: [EJBContainerProviderImpl] Using runtime class: class com.sun.enterprise.glassfish.bootstrap.StaticGlassFishRuntime
may. 18, 2021 3:51:30 P. M. com.sun.enterprise.v3.server.CommonClassLoaderServiceImpl findDerbyClient
INFO: Cannot find javadb client jar file, derby jdbc driver will not be available by default.
may. 18, 2021 3:51:30 P. M. org.glassfish.resourcebase.resources.api.ResourcesBinder deployResource
SEVERE: Cannot bind resource [java:jboss/datasources/sii] to naming manager. Following exception occurred [javax.naming.NamingException: java:comp namespace cannot be modified].
may. 18, 2021 3:51:31 P. M. org.hibernate.validator.internal.util.Version &lt;clinit&gt;
INFO: HV000001: Hibernate Validator null
may. 18, 2021 3:51:31 P. M. org.glassfish.security.services.impl.authorization.AuthorizationServiceImpl initialize
INFO: Authorization Service has successfully initialized.
may. 18, 2021 3:51:32 P. M. com.sun.enterprise.security.ssl.impl.SecuritySupportImpl checkCertificateDates
SEVERE: The SSL certificate has expired: [
[
  Version: V3
  Subject: CN=localhost, OU=GlassFish, O=Sun Microsystems, L=Santa Clara, ST=California, C=US
  Signature Algorithm: SHA1withRSA, OID = 1.2.840.113549.1.1.5

  Key:  Sun RSA public key, 1024 bits
  params: null
  modulus: 145607243452859689580129548866124791697266876389020072346169573106005067922351621693980274409566977123703120560397141987498630922827852965950283535196583826176478163336993643826795231487853960699742178569310586812871660687609669142799497192378661602695305819033929044820179434366507221428988785371476479913059
  public exponent: 65537
  Validity: [From: Tue Jul 07 10:27:35 CEST 2009,
               To: Fri Jul 05 10:27:35 CEST 2019]
  Issuer: CN=localhost, OU=GlassFish, O=Sun Microsystems, L=Santa Clara, ST=California, C=US
  SerialNumber: [    4a5306f7]

Certificate Extensions: 1
[1]: ObjectId: 2.5.29.14 Criticality=false
SubjectKeyIdentifier [
KeyIdentifier [
0000: 8F FB 7A 0A BF 38 54 A6   0D 9D CC 28 F8 7A B2 25  ..z..8T....(.z.%
0010: F2 F8 A1 99                                        ....
]
]

]
  Algorithm: [SHA1withRSA]
  Signature:
0000: 7A 53 96 EE 26 C0 6C 06   A5 68 45 43 49 A8 21 B7  zS..&amp;.l..hECI.!.
0010: 03 E3 3C 22 97 76 B0 EC   0C F1 11 C9 D7 67 20 CA  ..&lt;&quot;.v.......g .
0020: E5 0E 29 F8 64 FA C5 5A   FA D9 34 76 39 61 C4 21  ..).d..Z..4v9a.!
0030: 82 A1 C5 27 D8 B7 B3 1B   6C 95 3B 01 6C C3 15 0F  ...&apos;....l.;.l...
0040: B4 4D 50 E3 8F E9 CC 96   CC FF 95 2B 61 7C 30 D4  .MP........+a.0.
0050: B1 00 0F 9E 4C 1B F8 08   DC 4C 30 CC 0E CB FC 92  ....L....L0.....
0060: B3 C5 D5 F5 01 84 33 40   CA 42 B1 A3 2C 88 89 B9  ......3@.B..,...
0070: 04 90 F3 2C C5 FA E4 A2   DC 16 17 4A 02 A7 ED 94  ...,.......J....

]
may. 18, 2021 3:51:32 P. M. com.sun.enterprise.security.ssl.impl.SecuritySupportImpl checkCertificateDates
SEVERE: The SSL certificate has expired: [
[
  Version: V3
  Subject: CN=localhost, OU=GlassFish, O=Sun Microsystems, L=Santa Clara, ST=California, C=US
  Signature Algorithm: SHA1withRSA, OID = 1.2.840.113549.1.1.5

  Key:  Sun RSA public key, 1024 bits
  params: null
  modulus: 145607243452859689580129548866124791697266876389020072346169573106005067922351621693980274409566977123703120560397141987498630922827852965950283535196583826176478163336993643826795231487853960699742178569310586812871660687609669142799497192378661602695305819033929044820179434366507221428988785371476479913059
  public exponent: 65537
  Validity: [From: Tue Jul 07 10:27:35 CEST 2009,
               To: Fri Jul 05 10:27:35 CEST 2019]
  Issuer: CN=localhost, OU=GlassFish, O=Sun Microsystems, L=Santa Clara, ST=California, C=US
  SerialNumber: [    4a5306f7]

Certificate Extensions: 1
[1]: ObjectId: 2.5.29.14 Criticality=false
SubjectKeyIdentifier [
KeyIdentifier [
0000: 8F FB 7A 0A BF 38 54 A6   0D 9D CC 28 F8 7A B2 25  ..z..8T....(.z.%
0010: F2 F8 A1 99                                        ....
]
]

]
  Algorithm: [SHA1withRSA]
  Signature:
0000: 7A 53 96 EE 26 C0 6C 06   A5 68 45 43 49 A8 21 B7  zS..&amp;.l..hECI.!.
0010: 03 E3 3C 22 97 76 B0 EC   0C F1 11 C9 D7 67 20 CA  ..&lt;&quot;.v.......g .
0020: E5 0E 29 F8 64 FA C5 5A   FA D9 34 76 39 61 C4 21  ..).d..Z..4v9a.!
0030: 82 A1 C5 27 D8 B7 B3 1B   6C 95 3B 01 6C C3 15 0F  ...&apos;....l.;.l...
0040: B4 4D 50 E3 8F E9 CC 96   CC FF 95 2B 61 7C 30 D4  .MP........+a.0.
0050: B1 00 0F 9E 4C 1B F8 08   DC 4C 30 CC 0E CB FC 92  ....L....L0.....
0060: B3 C5 D5 F5 01 84 33 40   CA 42 B1 A3 2C 88 89 B9  ......3@.B..,...
0070: 04 90 F3 2C C5 FA E4 A2   DC 16 17 4A 02 A7 ED 94  ...,.......J....

]
may. 18, 2021 3:51:32 P. M. com.sun.enterprise.v3.server.AppServerStartup postStartupJob
INFO: Undefined Product Name - define product and version info in config/branding  0.0.0  (0) startup time : Embedded (1.249ms), startup services(1.833ms), total(3.082ms)
may. 18, 2021 3:51:32 P. M. com.sun.jts.CosTransactions.DefaultTransactionService setServerName
INFO: JTS5014: Recoverable JTS instance, serverId = [100]
may. 18, 2021 3:51:32 P. M. org.glassfish.admin.mbeanserver.JMXStartupService$JMXConnectorsStarterThread run
INFO: JMXStartupService has disabled JMXConnector system
may. 18, 2021 3:51:32 P. M. com.sun.enterprise.connectors.jms.util.JmsRaUtil getInstalledMqVersion
WARNING: Check for a new version of MQ installation failed : C:\Users\Efrain\AppData\Local\Temp\gfembed1483536951362777227tmp\lib\install\applications\jmsra\..\imqjmsra.rar:C:\Users\Efrain\AppData\Local\Temp\gfembed1483536951362777227tmp\lib\install\applications\jmsra\imqjmsra.rar
may. 18, 2021 3:51:34 P. M. org.glassfish.deployment.common.GenericAnnotationDetector scanArchive
WARNING: NCLS-DEPLOYMENT-00009
may. 18, 2021 3:51:35 P. M. org.glassfish.ejb.embedded.EJBContainerProviderImpl skipJar
INFO: ... skipping entry with a Manifest file with a special attribute: glassfish-embedded-all-5.1.0.jar
may. 18, 2021 3:51:35 P. M. org.glassfish.deployment.common.GenericAnnotationDetector scanArchive
WARNING: NCLS-DEPLOYMENT-00009
may. 18, 2021 3:51:35 P. M. org.glassfish.ejb.embedded.DeploymentElement getOrCreateApplication
INFO: [DeploymentElement] adding EJB module to ScatteredArchive classes
may. 18, 2021 3:51:35 P. M. org.glassfish.ejb.embedded.DeploymentElement getOrCreateApplication
INFO: [DeploymentElement] adding library to ScatteredArchive batik-gui-util-1.13.jar
may. 18, 2021 3:51:35 P. M. org.glassfish.ejb.embedded.DeploymentElement getOrCreateApplication
INFO: [DeploymentElement] adding library to ScatteredArchive SparseBitSet-1.2.jar
may. 18, 2021 3:51:35 P. M. org.glassfish.ejb.embedded.DeploymentElement getOrCreateApplication
INFO: [DeploymentElement] adding library to ScatteredArchive jakarta.activation-api-1.2.1.jar
may. 18, 2021 3:51:35 P. M. org.glassfish.ejb.embedded.DeploymentElement getOrCreateApplication
INFO: [DeploymentElement] adding library to ScatteredArchive opencsv-5.3.jar
may. 18, 2021 3:51:35 P. M. org.glassfish.ejb.embedded.DeploymentElement getOrCreateApplication
INFO: [DeploymentElement] adding library to ScatteredArchive mysql-connector-java-8.0.19.jar
may. 18, 2021 3:51:35 P. M. org.glassfish.ejb.embedded.DeploymentElement getOrCreateApplication
INFO: [DeploymentElement] adding library to ScatteredArchive javaee-api-8.0.jar
may. 18, 2021 3:51:35 P. M. org.glassfish.ejb.embedded.DeploymentElement getOrCreateApplication
INFO: [DeploymentElement] adding library to ScatteredArchive batik-i18n-1.13.jar
may. 18, 2021 3:51:35 P. M. org.glassfish.ejb.embedded.DeploymentElement getOrCreateApplication
INFO: [DeploymentElement] adding library to ScatteredArchive commons-compress-1.20.jar
may. 18, 2021 3:51:35 P. M. org.glassfish.ejb.embedded.DeploymentElement getOrCreateApplication
INFO: [DeploymentElement] adding library to ScatteredArchive commons-codec-1.15.jar
may. 18, 2021 3:51:35 P. M. org.glassfish.ejb.embedded.DeploymentElement getOrCreateApplication
INFO: [DeploymentElement] adding library to ScatteredArchive batik-anim-1.13.jar
may. 18, 2021 3:51:35 P. M. org.glassfish.ejb.embedded.DeploymentElement getOrCreateApplication
INFO: [DeploymentElement] adding library to ScatteredArchive batik-constants-1.13.jar
may. 18, 2021 3:51:35 P. M. org.glassfish.ejb.embedded.DeploymentElement getOrCreateApplication
INFO: [DeploymentElement] adding library to ScatteredArchive xalan-2.7.2.jar
may. 18, 2021 3:51:35 P. M. org.glassfish.ejb.embedded.DeploymentElement getOrCreateApplication
INFO: [DeploymentElement] adding library to ScatteredArchive h2-1.4.200.jar
may. 18, 2021 3:51:35 P. M. org.glassfish.ejb.embedded.DeploymentElement getOrCreateApplication
INFO: [DeploymentElement] adding library to ScatteredArchive commons-lang3-3.11.jar
may. 18, 2021 3:51:35 P. M. org.glassfish.ejb.embedded.DeploymentElement getOrCreateApplication
INFO: [DeploymentElement] adding library to ScatteredArchive commons-logging-1.2.jar
may. 18, 2021 3:51:35 P. M. org.glassfish.ejb.embedded.DeploymentElement getOrCreateApplication
INFO: [DeploymentElement] adding library to ScatteredArchive poi-ooxml-5.0.0.jar
may. 18, 2021 3:51:35 P. M. org.glassfish.ejb.embedded.DeploymentElement getOrCreateApplication
INFO: [DeploymentElement] adding library to ScatteredArchive xmlsec-2.2.1.jar
may. 18, 2021 3:51:35 P. M. org.glassfish.ejb.embedded.DeploymentElement getOrCreateApplication
INFO: [DeploymentElement] adding library to ScatteredArchive commons-beanutils-1.9.4.jar
may. 18, 2021 3:51:35 P. M. org.glassfish.ejb.embedded.DeploymentElement getOrCreateApplication
INFO: [DeploymentElement] adding library to ScatteredArchive batik-squiggle-1.13.jar
may. 18, 2021 3:51:35 P. M. org.glassfish.ejb.embedded.DeploymentElement getOrCreateApplication
INFO: [DeploymentElement] adding library to ScatteredArchive graphics2d-0.30.jar
may. 18, 2021 3:51:35 P. M. org.glassfish.ejb.embedded.DeploymentElement getOrCreateApplication
INFO: [DeploymentElement] adding library to ScatteredArchive hamcrest-core-1.3.jar
may. 18, 2021 3:51:35 P. M. org.glassfish.ejb.embedded.DeploymentElement getOrCreateApplication
INFO: [DeploymentElement] adding library to ScatteredArchive batik-svgpp-1.13.jar
may. 18, 2021 3:51:35 P. M. org.glassfish.ejb.embedded.DeploymentElement getOrCreateApplication
INFO: [DeploymentElement] adding library to ScatteredArchive batik-codec-1.13.jar
may. 18, 2021 3:51:35 P. M. org.glassfish.ejb.embedded.DeploymentElement getOrCreateApplication
INFO: [DeploymentElement] adding library to ScatteredArchive serializer-2.7.2.jar
may. 18, 2021 3:51:35 P. M. org.glassfish.ejb.embedded.DeploymentElement getOrCreateApplication
INFO: [DeploymentElement] adding library to ScatteredArchive commons-math3-3.6.1.jar
may. 18, 2021 3:51:35 P. M. org.glassfish.ejb.embedded.DeploymentElement getOrCreateApplication
INFO: [DeploymentElement] adding library to ScatteredArchive batik-shared-resources-1.13.jar
may. 18, 2021 3:51:35 P. M. org.glassfish.ejb.embedded.DeploymentElement getOrCreateApplication
INFO: [DeploymentElement] adding library to ScatteredArchive xmlgraphics-commons-2.4.jar
may. 18, 2021 3:51:35 P. M. org.glassfish.ejb.embedded.DeploymentElement getOrCreateApplication
INFO: [DeploymentElement] adding library to ScatteredArchive curvesapi-1.06.jar
may. 18, 2021 3:51:35 P. M. org.glassfish.ejb.embedded.DeploymentElement getOrCreateApplication
INFO: [DeploymentElement] adding library to ScatteredArchive batik-ext-1.13.jar
may. 18, 2021 3:51:35 P. M. org.glassfish.ejb.embedded.DeploymentElement getOrCreateApplication
INFO: [DeploymentElement] adding library to ScatteredArchive jakarta.persistence-2.2.3.jar
may. 18, 2021 3:51:35 P. M. org.glassfish.ejb.embedded.DeploymentElement getOrCreateApplication
INFO: [DeploymentElement] adding library to ScatteredArchive fontbox-2.0.22.jar
may. 18, 2021 3:51:35 P. M. org.glassfish.ejb.embedded.DeploymentElement getOrCreateApplication
INFO: [DeploymentElement] adding library to ScatteredArchive commonj.sdo-2.1.1.jar
may. 18, 2021 3:51:35 P. M. org.glassfish.ejb.embedded.DeploymentElement getOrCreateApplication
INFO: [DeploymentElement] adding library to ScatteredArchive activation-1.1.jar
may. 18, 2021 3:51:35 P. M. org.glassfish.ejb.embedded.DeploymentElement getOrCreateApplication
INFO: [DeploymentElement] adding library to ScatteredArchive bcprov-jdk15on-1.68.jar
may. 18, 2021 3:51:35 P. M. org.glassfish.ejb.embedded.DeploymentElement getOrCreateApplication
INFO: [DeploymentElement] adding library to ScatteredArchive batik-extension-1.13.jar
may. 18, 2021 3:51:35 P. M. org.glassfish.ejb.embedded.DeploymentElement getOrCreateApplication
INFO: [DeploymentElement] adding library to ScatteredArchive protobuf-java-3.6.1.jar
may. 18, 2021 3:51:35 P. M. org.glassfish.ejb.embedded.DeploymentElement getOrCreateApplication
INFO: [DeploymentElement] adding library to ScatteredArchive poi-5.0.0.jar
may. 18, 2021 3:51:35 P. M. org.glassfish.ejb.embedded.DeploymentElement getOrCreateApplication
INFO: [DeploymentElement] adding library to ScatteredArchive jakarta.xml.bind-api-2.3.2.jar
may. 18, 2021 3:51:35 P. M. org.glassfish.ejb.embedded.DeploymentElement getOrCreateApplication
INFO: [DeploymentElement] adding library to ScatteredArchive xml-apis-ext-1.3.04.jar
may. 18, 2021 3:51:35 P. M. org.glassfish.ejb.embedded.DeploymentElement getOrCreateApplication
INFO: [DeploymentElement] adding library to ScatteredArchive batik-rasterizer-ext-1.13.jar
may. 18, 2021 3:51:35 P. M. org.glassfish.ejb.embedded.DeploymentElement getOrCreateApplication
INFO: [DeploymentElement] adding library to ScatteredArchive jcl-over-slf4j-1.7.30.jar
may. 18, 2021 3:51:35 P. M. org.glassfish.ejb.embedded.DeploymentElement getOrCreateApplication
INFO: [DeploymentElement] adding library to ScatteredArchive batik-css-1.13.jar
may. 18, 2021 3:51:35 P. M. org.glassfish.ejb.embedded.DeploymentElement getOrCreateApplication
INFO: [DeploymentElement] adding library to ScatteredArchive batik-svgrasterizer-1.13.jar
may. 18, 2021 3:51:35 P. M. org.glassfish.ejb.embedded.DeploymentElement getOrCreateApplication
INFO: [DeploymentElement] adding library to ScatteredArchive woodstox-core-5.2.1.jar
may. 18, 2021 3:51:35 P. M. org.glassfish.ejb.embedded.DeploymentElement getOrCreateApplication
INFO: [DeploymentElement] adding library to ScatteredArchive batik-swing-1.13.jar
may. 18, 2021 3:51:35 P. M. org.glassfish.ejb.embedded.DeploymentElement getOrCreateApplication
INFO: [DeploymentElement] adding library to ScatteredArchive commons-csv-1.6.jar
may. 18, 2021 3:51:35 P. M. org.glassfish.ejb.embedded.DeploymentElement getOrCreateApplication
INFO: [DeploymentElement] adding library to ScatteredArchive javax.mail-1.6.0.jar
may. 18, 2021 3:51:35 P. M. org.glassfish.ejb.embedded.DeploymentElement getOrCreateApplication
INFO: [DeploymentElement] adding library to ScatteredArchive xmlbeans-4.0.0.jar
may. 18, 2021 3:51:35 P. M. org.glassfish.ejb.embedded.DeploymentElement getOrCreateApplication
INFO: [DeploymentElement] adding library to ScatteredArchive batik-svggen-1.13.jar
may. 18, 2021 3:51:35 P. M. org.glassfish.ejb.embedded.DeploymentElement getOrCreateApplication
INFO: [DeploymentElement] adding library to ScatteredArchive batik-script-1.13.jar
may. 18, 2021 3:51:35 P. M. org.glassfish.ejb.embedded.DeploymentElement getOrCreateApplication
INFO: [DeploymentElement] adding library to ScatteredArchive batik-awt-util-1.13.jar
may. 18, 2021 3:51:35 P. M. org.glassfish.ejb.embedded.DeploymentElement getOrCreateApplication
INFO: [DeploymentElement] adding library to ScatteredArchive commons-io-1.3.1.jar
may. 18, 2021 3:51:35 P. M. org.glassfish.ejb.embedded.DeploymentElement getOrCreateApplication
INFO: [DeploymentElement] adding library to ScatteredArchive stax2-api-4.2.jar
may. 18, 2021 3:51:35 P. M. org.glassfish.ejb.embedded.DeploymentElement getOrCreateApplication
INFO: [DeploymentElement] adding library to ScatteredArchive batik-svgbrowser-1.13.jar
may. 18, 2021 3:51:35 P. M. org.glassfish.ejb.embedded.DeploymentElement getOrCreateApplication
INFO: [DeploymentElement] adding library to ScatteredArchive bcpkix-jdk15on-1.68.jar
may. 18, 2021 3:51:35 P. M. org.glassfish.ejb.embedded.DeploymentElement getOrCreateApplication
INFO: [DeploymentElement] adding library to ScatteredArchive batik-svg-dom-1.13.jar
may. 18, 2021 3:51:35 P. M. org.glassfish.ejb.embedded.DeploymentElement getOrCreateApplication
INFO: [DeploymentElement] adding library to ScatteredArchive batik-squiggle-ext-1.13.jar
may. 18, 2021 3:51:35 P. M. org.glassfish.ejb.embedded.DeploymentElement getOrCreateApplication
INFO: [DeploymentElement] adding library to ScatteredArchive batik-slideshow-1.13.jar
may. 18, 2021 3:51:35 P. M. org.glassfish.ejb.embedded.DeploymentElement getOrCreateApplication
INFO: [DeploymentElement] adding library to ScatteredArchive batik-rasterizer-1.13.jar
may. 18, 2021 3:51:35 P. M. org.glassfish.ejb.embedded.DeploymentElement getOrCreateApplication
INFO: [DeploymentElement] adding library to ScatteredArchive commons-text-1.9.jar
may. 18, 2021 3:51:35 P. M. org.glassfish.ejb.embedded.DeploymentElement getOrCreateApplication
INFO: [DeploymentElement] adding library to ScatteredArchive poi-ooxml-lite-5.0.0.jar
may. 18, 2021 3:51:35 P. M. org.glassfish.ejb.embedded.DeploymentElement getOrCreateApplication
INFO: [DeploymentElement] adding library to ScatteredArchive junit-4.13.jar
may. 18, 2021 3:51:35 P. M. org.glassfish.ejb.embedded.DeploymentElement getOrCreateApplication
INFO: [DeploymentElement] adding library to ScatteredArchive batik-bridge-1.13.jar
may. 18, 2021 3:51:35 P. M. org.glassfish.ejb.embedded.DeploymentElement getOrCreateApplication
INFO: [DeploymentElement] adding library to ScatteredArchive batik-dom-1.13.jar
may. 18, 2021 3:51:35 P. M. org.glassfish.ejb.embedded.DeploymentElement getOrCreateApplication
INFO: [DeploymentElement] adding library to ScatteredArchive batik-util-1.13.jar
may. 18, 2021 3:51:35 P. M. org.glassfish.ejb.embedded.DeploymentElement getOrCreateApplication
INFO: [DeploymentElement] adding library to ScatteredArchive batik-all-1.13.jar
may. 18, 2021 3:51:35 P. M. org.glassfish.ejb.embedded.DeploymentElement getOrCreateApplication
INFO: [DeploymentElement] adding library to ScatteredArchive batik-gvt-1.13.jar
may. 18, 2021 3:51:35 P. M. org.glassfish.ejb.embedded.DeploymentElement getOrCreateApplication
INFO: [DeploymentElement] adding library to ScatteredArchive batik-parser-1.13.jar
may. 18, 2021 3:51:35 P. M. org.glassfish.ejb.embedded.DeploymentElement getOrCreateApplication
INFO: [DeploymentElement] adding library to ScatteredArchive batik-ttf2svg-1.13.jar
may. 18, 2021 3:51:35 P. M. org.glassfish.ejb.embedded.DeploymentElement getOrCreateApplication
INFO: [DeploymentElement] adding library to ScatteredArchive anotaciones-0.0.1.jar
may. 18, 2021 3:51:35 P. M. org.glassfish.ejb.embedded.DeploymentElement getOrCreateApplication
INFO: [DeploymentElement] adding library to ScatteredArchive test-classes
may. 18, 2021 3:51:35 P. M. org.glassfish.ejb.embedded.DeploymentElement getOrCreateApplication
INFO: [DeploymentElement] adding library to ScatteredArchive slf4j-api-1.7.30.jar
may. 18, 2021 3:51:35 P. M. org.glassfish.ejb.embedded.DeploymentElement getOrCreateApplication
INFO: [DeploymentElement] adding library to ScatteredArchive eclipselink-2.7.6.jar
may. 18, 2021 3:51:35 P. M. org.glassfish.ejb.embedded.DeploymentElement getOrCreateApplication
INFO: [DeploymentElement] adding library to ScatteredArchive batik-transcoder-1.13.jar
may. 18, 2021 3:51:35 P. M. org.glassfish.ejb.embedded.DeploymentElement getOrCreateApplication
INFO: [DeploymentElement] adding library to ScatteredArchive commons-collections4-4.4.jar
may. 18, 2021 3:51:35 P. M. org.glassfish.ejb.embedded.DeploymentElement getOrCreateApplication
INFO: [DeploymentElement] adding library to ScatteredArchive commons-collections-3.2.2.jar
may. 18, 2021 3:51:35 P. M. org.glassfish.ejb.embedded.DeploymentElement getOrCreateApplication
INFO: [DeploymentElement] adding library to ScatteredArchive pdfbox-2.0.22.jar
may. 18, 2021 3:51:35 P. M. org.glassfish.ejb.embedded.DeploymentElement getOrCreateApplication
INFO: [DeploymentElement] adding library to ScatteredArchive xml-apis-1.4.01.jar
may. 18, 2021 3:51:35 P. M. org.glassfish.ejb.embedded.DeploymentElement getOrCreateApplication
INFO: [DeploymentElement] adding library to ScatteredArchive batik-xml-1.13.jar
may. 18, 2021 3:51:35 P. M. org.glassfish.ejb.embedded.EJBContainerImpl deploy
INFO: [EJBContainerImpl] Deploying app: org.glassfish.embeddable.archive.ScatteredArchive@645494c5
may. 18, 2021 3:51:35 P. M. org.glassfish.ejb.embedded.EJBContainerImpl deploy
INFO: [EJBContainerImpl] GlassFish status: STARTED
may. 18, 2021 3:51:35 P. M. org.glassfish.ejb.embedded.EJBContainerImpl deploy
INFO: [EJBContainerImpl] Deploying as a ScatteredArchive
may. 18, 2021 3:52:43 P. M. org.glassfish.hk2.classmodel.reflect.Parser$5 on
SEVERE: Exception while visiting META-INF/versions/10/org/h2/util/NetUtils2.class of size 876
java.lang.IllegalArgumentException
	at org.glassfish.hk2.external.org.objectweb.asm.ClassReader.&lt;init&gt;(ClassReader.java:160)
	at org.glassfish.hk2.external.org.objectweb.asm.ClassReader.&lt;init&gt;(ClassReader.java:143)
	at org.glassfish.hk2.external.org.objectweb.asm.ClassReader.&lt;init&gt;(ClassReader.java:418)
	at org.glassfish.hk2.classmodel.reflect.Parser$5.on(Parser.java:335)
	at com.sun.enterprise.v3.server.ReadableArchiveScannerAdapter.handleEntry(ReadableArchiveScannerAdapter.java:141)
	at com.sun.enterprise.v3.server.ReadableArchiveScannerAdapter.onSelectedEntries(ReadableArchiveScannerAdapter.java:103)
	at org.glassfish.hk2.classmodel.reflect.Parser.doJob(Parser.java:321)
	at org.glassfish.hk2.classmodel.reflect.Parser.access$300(Parser.java:44)
	at org.glassfish.hk2.classmodel.reflect.Parser$3.call(Parser.java:280)
	at org.glassfish.hk2.classmodel.reflect.Parser$3.call(Parser.java:269)
	at java.base/java.util.concurrent.FutureTask.run(FutureTask.java:264)
	at java.base/java.util.concurrent.ThreadPoolExecutor.runWorker(ThreadPoolExecutor.java:1130)
	at java.base/java.util.concurrent.ThreadPoolExecutor$Worker.run(ThreadPoolExecutor.java:630)
	at java.base/java.lang.Thread.run(Thread.java:832)

may. 18, 2021 3:52:43 P. M. org.glassfish.hk2.classmodel.reflect.Parser$5 on
SEVERE: Exception while visiting META-INF/versions/11/org/bouncycastle/jcajce/provider/asymmetric/edec/BC11XDHPrivateKey.class of size 1340
java.lang.IllegalArgumentException
	at org.glassfish.hk2.external.org.objectweb.asm.ClassReader.&lt;init&gt;(ClassReader.java:160)
	at org.glassfish.hk2.external.org.objectweb.asm.ClassReader.&lt;init&gt;(ClassReader.java:143)
	at org.glassfish.hk2.external.org.objectweb.asm.ClassReader.&lt;init&gt;(ClassReader.java:418)
	at org.glassfish.hk2.classmodel.reflect.Parser$5.on(Parser.java:335)
	at com.sun.enterprise.v3.server.ReadableArchiveScannerAdapter.handleEntry(ReadableArchiveScannerAdapter.java:141)
	at com.sun.enterprise.v3.server.ReadableArchiveScannerAdapter.onSelectedEntries(ReadableArchiveScannerAdapter.java:103)
	at org.glassfish.hk2.classmodel.reflect.Parser.doJob(Parser.java:321)
	at org.glassfish.hk2.classmodel.reflect.Parser.access$300(Parser.java:44)
	at org.glassfish.hk2.classmodel.reflect.Parser$3.call(Parser.java:280)
	at org.glassfish.hk2.classmodel.reflect.Parser$3.call(Parser.java:269)
	at java.base/java.util.concurrent.FutureTask.run(FutureTask.java:264)
	at java.base/java.util.concurrent.ThreadPoolExecutor.runWorker(ThreadPoolExecutor.java:1130)
	at java.base/java.util.concurrent.ThreadPoolExecutor$Worker.run(ThreadPoolExecutor.java:630)
	at java.base/java.lang.Thread.run(Thread.java:832)

may. 18, 2021 3:52:43 P. M. org.glassfish.hk2.classmodel.reflect.Parser$5 on
SEVERE: Exception while visiting META-INF/versions/11/org/bouncycastle/jcajce/provider/asymmetric/edec/BC11XDHPublicKey.class of size 1421
java.lang.IllegalArgumentException
	at org.glassfish.hk2.external.org.objectweb.asm.ClassReader.&lt;init&gt;(ClassReader.java:160)
	at org.glassfish.hk2.external.org.objectweb.asm.ClassReader.&lt;init&gt;(ClassReader.java:143)
	at org.glassfish.hk2.external.org.objectweb.asm.ClassReader.&lt;init&gt;(ClassReader.java:418)
	at org.glassfish.hk2.classmodel.reflect.Parser$5.on(Parser.java:335)
	at com.sun.enterprise.v3.server.ReadableArchiveScannerAdapter.handleEntry(ReadableArchiveScannerAdapter.java:141)
	at com.sun.enterprise.v3.server.ReadableArchiveScannerAdapter.onSelectedEntries(ReadableArchiveScannerAdapter.java:103)
	at org.glassfish.hk2.classmodel.reflect.Parser.doJob(Parser.java:321)
	at org.glassfish.hk2.classmodel.reflect.Parser.access$300(Parser.java:44)
	at org.glassfish.hk2.classmodel.reflect.Parser$3.call(Parser.java:280)
	at org.glassfish.hk2.classmodel.reflect.Parser$3.call(Parser.java:269)
	at java.base/java.util.concurrent.FutureTask.run(FutureTask.java:264)
	at java.base/java.util.concurrent.ThreadPoolExecutor.runWorker(ThreadPoolExecutor.java:1130)
	at java.base/java.util.concurrent.ThreadPoolExecutor$Worker.run(ThreadPoolExecutor.java:630)
	at java.base/java.lang.Thread.run(Thread.java:832)

may. 18, 2021 3:52:43 P. M. org.glassfish.hk2.classmodel.reflect.Parser$5 on
SEVERE: Exception while visiting META-INF/versions/11/org/bouncycastle/jcajce/provider/asymmetric/edec/KeyAgreementSpi$X25519.class of size 400
java.lang.IllegalArgumentException
	at org.glassfish.hk2.external.org.objectweb.asm.ClassReader.&lt;init&gt;(ClassReader.java:160)
	at org.glassfish.hk2.external.org.objectweb.asm.ClassReader.&lt;init&gt;(ClassReader.java:143)
	at org.glassfish.hk2.external.org.objectweb.asm.ClassReader.&lt;init&gt;(ClassReader.java:418)
	at org.glassfish.hk2.classmodel.reflect.Parser$5.on(Parser.java:335)
	at com.sun.enterprise.v3.server.ReadableArchiveScannerAdapter.handleEntry(ReadableArchiveScannerAdapter.java:141)
	at com.sun.enterprise.v3.server.ReadableArchiveScannerAdapter.onSelectedEntries(ReadableArchiveScannerAdapter.java:103)
	at org.glassfish.hk2.classmodel.reflect.Parser.doJob(Parser.java:321)
	at org.glassfish.hk2.classmodel.reflect.Parser.access$300(Parser.java:44)
	at org.glassfish.hk2.classmodel.reflect.Parser$3.call(Parser.java:280)
	at org.glassfish.hk2.classmodel.reflect.Parser$3.call(Parser.java:269)
	at java.base/java.util.concurrent.FutureTask.run(FutureTask.java:264)
	at java.base/java.util.concurrent.ThreadPoolExecutor.runWorker(ThreadPoolExecutor.java:1130)
	at java.base/java.util.concurrent.ThreadPoolExecutor$Worker.run(ThreadPoolExecutor.java:630)
	at java.base/java.lang.Thread.run(Thread.java:832)

may. 18, 2021 3:52:43 P. M. org.glassfish.hk2.classmodel.reflect.Parser$5 on
SEVERE: Exception while visiting META-INF/versions/11/org/bouncycastle/jcajce/provider/asymmetric/edec/KeyAgreementSpi$X25519UwithSHA256CKDF.class of size 711
java.lang.IllegalArgumentException
	at org.glassfish.hk2.external.org.objectweb.asm.ClassReader.&lt;init&gt;(ClassReader.java:160)
	at org.glassfish.hk2.external.org.objectweb.asm.ClassReader.&lt;init&gt;(ClassReader.java:143)
	at org.glassfish.hk2.external.org.objectweb.asm.ClassReader.&lt;init&gt;(ClassReader.java:418)
	at org.glassfish.hk2.classmodel.reflect.Parser$5.on(Parser.java:335)
	at com.sun.enterprise.v3.server.ReadableArchiveScannerAdapter.handleEntry(ReadableArchiveScannerAdapter.java:141)
	at com.sun.enterprise.v3.server.ReadableArchiveScannerAdapter.onSelectedEntries(ReadableArchiveScannerAdapter.java:103)
	at org.glassfish.hk2.classmodel.reflect.Parser.doJob(Parser.java:321)
	at org.glassfish.hk2.classmodel.reflect.Parser.access$300(Parser.java:44)
	at org.glassfish.hk2.classmodel.reflect.Parser$3.call(Parser.java:280)
	at org.glassfish.hk2.classmodel.reflect.Parser$3.call(Parser.java:269)
	at java.base/java.util.concurrent.FutureTask.run(FutureTask.java:264)
	at java.base/java.util.concurrent.ThreadPoolExecutor.runWorker(ThreadPoolExecutor.java:1130)
	at java.base/java.util.concurrent.ThreadPoolExecutor$Worker.run(ThreadPoolExecutor.java:630)
	at java.base/java.lang.Thread.run(Thread.java:832)

may. 18, 2021 3:52:43 P. M. org.glassfish.hk2.classmodel.reflect.Parser$5 on
SEVERE: Exception while visiting META-INF/versions/11/org/bouncycastle/jcajce/provider/asymmetric/edec/KeyAgreementSpi$X25519UwithSHA256KDF.class of size 699
java.lang.IllegalArgumentException
	at org.glassfish.hk2.external.org.objectweb.asm.ClassReader.&lt;init&gt;(ClassReader.java:160)
	at org.glassfish.hk2.external.org.objectweb.asm.ClassReader.&lt;init&gt;(ClassReader.java:143)
	at org.glassfish.hk2.external.org.objectweb.asm.ClassReader.&lt;init&gt;(ClassReader.java:418)
	at org.glassfish.hk2.classmodel.reflect.Parser$5.on(Parser.java:335)
	at com.sun.enterprise.v3.server.ReadableArchiveScannerAdapter.handleEntry(ReadableArchiveScannerAdapter.java:141)
	at com.sun.enterprise.v3.server.ReadableArchiveScannerAdapter.onSelectedEntries(ReadableArchiveScannerAdapter.java:103)
	at org.glassfish.hk2.classmodel.reflect.Parser.doJob(Parser.java:321)
	at org.glassfish.hk2.classmodel.reflect.Parser.access$300(Parser.java:44)
	at org.glassfish.hk2.classmodel.reflect.Parser$3.call(Parser.java:280)
	at org.glassfish.hk2.classmodel.reflect.Parser$3.call(Parser.java:269)
	at java.base/java.util.concurrent.FutureTask.run(FutureTask.java:264)
	at java.base/java.util.concurrent.ThreadPoolExecutor.runWorker(ThreadPoolExecutor.java:1130)
	at java.base/java.util.concurrent.ThreadPoolExecutor$Worker.run(ThreadPoolExecutor.java:630)
	at java.base/java.lang.Thread.run(Thread.java:832)

may. 18, 2021 3:52:43 P. M. org.glassfish.hk2.classmodel.reflect.Parser$5 on
SEVERE: Exception while visiting META-INF/versions/11/org/bouncycastle/jcajce/provider/asymmetric/edec/KeyAgreementSpi$X25519withSHA256CKDF.class of size 709
java.lang.IllegalArgumentException
	at org.glassfish.hk2.external.org.objectweb.asm.ClassReader.&lt;init&gt;(ClassReader.java:160)
	at org.glassfish.hk2.external.org.objectweb.asm.ClassReader.&lt;init&gt;(ClassReader.java:143)
	at org.glassfish.hk2.external.org.objectweb.asm.ClassReader.&lt;init&gt;(ClassReader.java:418)
	at org.glassfish.hk2.classmodel.reflect.Parser$5.on(Parser.java:335)
	at com.sun.enterprise.v3.server.ReadableArchiveScannerAdapter.handleEntry(ReadableArchiveScannerAdapter.java:141)
	at com.sun.enterprise.v3.server.ReadableArchiveScannerAdapter.onSelectedEntries(ReadableArchiveScannerAdapter.java:103)
	at org.glassfish.hk2.classmodel.reflect.Parser.doJob(Parser.java:321)
	at org.glassfish.hk2.classmodel.reflect.Parser.access$300(Parser.java:44)
	at org.glassfish.hk2.classmodel.reflect.Parser$3.call(Parser.java:280)
	at org.glassfish.hk2.classmodel.reflect.Parser$3.call(Parser.java:269)
	at java.base/java.util.concurrent.FutureTask.run(FutureTask.java:264)
	at java.base/java.util.concurrent.ThreadPoolExecutor.runWorker(ThreadPoolExecutor.java:1130)
	at java.base/java.util.concurrent.ThreadPoolExecutor$Worker.run(ThreadPoolExecutor.java:630)
	at java.base/java.lang.Thread.run(Thread.java:832)

may. 18, 2021 3:52:43 P. M. org.glassfish.hk2.classmodel.reflect.Parser$5 on
SEVERE: Exception while visiting META-INF/versions/11/org/bouncycastle/jcajce/provider/asymmetric/edec/KeyAgreementSpi$X25519withSHA256KDF.class of size 697
java.lang.IllegalArgumentException
	at org.glassfish.hk2.external.org.objectweb.asm.ClassReader.&lt;init&gt;(ClassReader.java:160)
	at org.glassfish.hk2.external.org.objectweb.asm.ClassReader.&lt;init&gt;(ClassReader.java:143)
	at org.glassfish.hk2.external.org.objectweb.asm.ClassReader.&lt;init&gt;(ClassReader.java:418)
	at org.glassfish.hk2.classmodel.reflect.Parser$5.on(Parser.java:335)
	at com.sun.enterprise.v3.server.ReadableArchiveScannerAdapter.handleEntry(ReadableArchiveScannerAdapter.java:141)
	at com.sun.enterprise.v3.server.ReadableArchiveScannerAdapter.onSelectedEntries(ReadableArchiveScannerAdapter.java:103)
	at org.glassfish.hk2.classmodel.reflect.Parser.doJob(Parser.java:321)
	at org.glassfish.hk2.classmodel.reflect.Parser.access$300(Parser.java:44)
	at org.glassfish.hk2.classmodel.reflect.Parser$3.call(Parser.java:280)
	at org.glassfish.hk2.classmodel.reflect.Parser$3.call(Parser.java:269)
	at java.base/java.util.concurrent.FutureTask.run(FutureTask.java:264)
	at java.base/java.util.concurrent.ThreadPoolExecutor.runWorker(ThreadPoolExecutor.java:1130)
	at java.base/java.util.concurrent.ThreadPoolExecutor$Worker.run(ThreadPoolExecutor.java:630)
	at java.base/java.lang.Thread.run(Thread.java:832)

may. 18, 2021 3:52:43 P. M. org.glassfish.hk2.classmodel.reflect.Parser$5 on
SEVERE: Exception while visiting META-INF/versions/11/org/bouncycastle/jcajce/provider/asymmetric/edec/KeyAgreementSpi$X25519withSHA384CKDF.class of size 709
java.lang.IllegalArgumentException
	at org.glassfish.hk2.external.org.objectweb.asm.ClassReader.&lt;init&gt;(ClassReader.java:160)
	at org.glassfish.hk2.external.org.objectweb.asm.ClassReader.&lt;init&gt;(ClassReader.java:143)
	at org.glassfish.hk2.external.org.objectweb.asm.ClassReader.&lt;init&gt;(ClassReader.java:418)
	at org.glassfish.hk2.classmodel.reflect.Parser$5.on(Parser.java:335)
	at com.sun.enterprise.v3.server.ReadableArchiveScannerAdapter.handleEntry(ReadableArchiveScannerAdapter.java:141)
	at com.sun.enterprise.v3.server.ReadableArchiveScannerAdapter.onSelectedEntries(ReadableArchiveScannerAdapter.java:103)
	at org.glassfish.hk2.classmodel.reflect.Parser.doJob(Parser.java:321)
	at org.glassfish.hk2.classmodel.reflect.Parser.access$300(Parser.java:44)
	at org.glassfish.hk2.classmodel.reflect.Parser$3.call(Parser.java:280)
	at org.glassfish.hk2.classmodel.reflect.Parser$3.call(Parser.java:269)
	at java.base/java.util.concurrent.FutureTask.run(FutureTask.java:264)
	at java.base/java.util.concurrent.ThreadPoolExecutor.runWorker(ThreadPoolExecutor.java:1130)
	at java.base/java.util.concurrent.ThreadPoolExecutor$Worker.run(ThreadPoolExecutor.java:630)
	at java.base/java.lang.Thread.run(Thread.java:832)

may. 18, 2021 3:52:43 P. M. org.glassfish.hk2.classmodel.reflect.Parser$5 on
SEVERE: Exception while visiting META-INF/versions/11/org/bouncycastle/jcajce/provider/asymmetric/edec/KeyAgreementSpi$X25519withSHA512CKDF.class of size 709
java.lang.IllegalArgumentException
	at org.glassfish.hk2.external.org.objectweb.asm.ClassReader.&lt;init&gt;(ClassReader.java:160)
	at org.glassfish.hk2.external.org.objectweb.asm.ClassReader.&lt;init&gt;(ClassReader.java:143)
	at org.glassfish.hk2.external.org.objectweb.asm.ClassReader.&lt;init&gt;(ClassReader.java:418)
	at org.glassfish.hk2.classmodel.reflect.Parser$5.on(Parser.java:335)
	at com.sun.enterprise.v3.server.ReadableArchiveScannerAdapter.handleEntry(ReadableArchiveScannerAdapter.java:141)
	at com.sun.enterprise.v3.server.ReadableArchiveScannerAdapter.onSelectedEntries(ReadableArchiveScannerAdapter.java:103)
	at org.glassfish.hk2.classmodel.reflect.Parser.doJob(Parser.java:321)
	at org.glassfish.hk2.classmodel.reflect.Parser.access$300(Parser.java:44)
	at org.glassfish.hk2.classmodel.reflect.Parser$3.call(Parser.java:280)
	at org.glassfish.hk2.classmodel.reflect.Parser$3.call(Parser.java:269)
	at java.base/java.util.concurrent.FutureTask.run(FutureTask.java:264)
	at java.base/java.util.concurrent.ThreadPoolExecutor.runWorker(ThreadPoolExecutor.java:1130)
	at java.base/java.util.concurrent.ThreadPoolExecutor$Worker.run(ThreadPoolExecutor.java:630)
	at java.base/java.lang.Thread.run(Thread.java:832)

may. 18, 2021 3:52:43 P. M. org.glassfish.hk2.classmodel.reflect.Parser$5 on
SEVERE: Exception while visiting META-INF/versions/11/org/bouncycastle/jcajce/provider/asymmetric/edec/KeyAgreementSpi$X448.class of size 396
java.lang.IllegalArgumentException
	at org.glassfish.hk2.external.org.objectweb.asm.ClassReader.&lt;init&gt;(ClassReader.java:160)
	at org.glassfish.hk2.external.org.objectweb.asm.ClassReader.&lt;init&gt;(ClassReader.java:143)
	at org.glassfish.hk2.external.org.objectweb.asm.ClassReader.&lt;init&gt;(ClassReader.java:418)
	at org.glassfish.hk2.classmodel.reflect.Parser$5.on(Parser.java:335)
	at com.sun.enterprise.v3.server.ReadableArchiveScannerAdapter.handleEntry(ReadableArchiveScannerAdapter.java:141)
	at com.sun.enterprise.v3.server.ReadableArchiveScannerAdapter.onSelectedEntries(ReadableArchiveScannerAdapter.java:103)
	at org.glassfish.hk2.classmodel.reflect.Parser.doJob(Parser.java:321)
	at org.glassfish.hk2.classmodel.reflect.Parser.access$300(Parser.java:44)
	at org.glassfish.hk2.classmodel.reflect.Parser$3.call(Parser.java:280)
	at org.glassfish.hk2.classmodel.reflect.Parser$3.call(Parser.java:269)
	at java.base/java.util.concurrent.FutureTask.run(FutureTask.java:264)
	at java.base/java.util.concurrent.ThreadPoolExecutor.runWorker(ThreadPoolExecutor.java:1130)
	at java.base/java.util.concurrent.ThreadPoolExecutor$Worker.run(ThreadPoolExecutor.java:630)
	at java.base/java.lang.Thread.run(Thread.java:832)

may. 18, 2021 3:52:43 P. M. org.glassfish.hk2.classmodel.reflect.Parser$5 on
SEVERE: Exception while visiting META-INF/versions/11/org/bouncycastle/jcajce/provider/asymmetric/edec/KeyAgreementSpi$X448UwithSHA512CKDF.class of size 707
java.lang.IllegalArgumentException
	at org.glassfish.hk2.external.org.objectweb.asm.ClassReader.&lt;init&gt;(ClassReader.java:160)
	at org.glassfish.hk2.external.org.objectweb.asm.ClassReader.&lt;init&gt;(ClassReader.java:143)
	at org.glassfish.hk2.external.org.objectweb.asm.ClassReader.&lt;init&gt;(ClassReader.java:418)
	at org.glassfish.hk2.classmodel.reflect.Parser$5.on(Parser.java:335)
	at com.sun.enterprise.v3.server.ReadableArchiveScannerAdapter.handleEntry(ReadableArchiveScannerAdapter.java:141)
	at com.sun.enterprise.v3.server.ReadableArchiveScannerAdapter.onSelectedEntries(ReadableArchiveScannerAdapter.java:103)
	at org.glassfish.hk2.classmodel.reflect.Parser.doJob(Parser.java:321)
	at org.glassfish.hk2.classmodel.reflect.Parser.access$300(Parser.java:44)
	at org.glassfish.hk2.classmodel.reflect.Parser$3.call(Parser.java:280)
	at org.glassfish.hk2.classmodel.reflect.Parser$3.call(Parser.java:269)
	at java.base/java.util.concurrent.FutureTask.run(FutureTask.java:264)
	at java.base/java.util.concurrent.ThreadPoolExecutor.runWorker(ThreadPoolExecutor.java:1130)
	at java.base/java.util.concurrent.ThreadPoolExecutor$Worker.run(ThreadPoolExecutor.java:630)
	at java.base/java.lang.Thread.run(Thread.java:832)

may. 18, 2021 3:52:43 P. M. org.glassfish.hk2.classmodel.reflect.Parser$5 on
SEVERE: Exception while visiting META-INF/versions/11/org/bouncycastle/jcajce/provider/asymmetric/edec/KeyAgreementSpi$X448UwithSHA512KDF.class of size 695
java.lang.IllegalArgumentException
	at org.glassfish.hk2.external.org.objectweb.asm.ClassReader.&lt;init&gt;(ClassReader.java:160)
	at org.glassfish.hk2.external.org.objectweb.asm.ClassReader.&lt;init&gt;(ClassReader.java:143)
	at org.glassfish.hk2.external.org.objectweb.asm.ClassReader.&lt;init&gt;(ClassReader.java:418)
	at org.glassfish.hk2.classmodel.reflect.Parser$5.on(Parser.java:335)
	at com.sun.enterprise.v3.server.ReadableArchiveScannerAdapter.handleEntry(ReadableArchiveScannerAdapter.java:141)
	at com.sun.enterprise.v3.server.ReadableArchiveScannerAdapter.onSelectedEntries(ReadableArchiveScannerAdapter.java:103)
	at org.glassfish.hk2.classmodel.reflect.Parser.doJob(Parser.java:321)
	at org.glassfish.hk2.classmodel.reflect.Parser.access$300(Parser.java:44)
	at org.glassfish.hk2.classmodel.reflect.Parser$3.call(Parser.java:280)
	at org.glassfish.hk2.classmodel.reflect.Parser$3.call(Parser.java:269)
	at java.base/java.util.concurrent.FutureTask.run(FutureTask.java:264)
	at java.base/java.util.concurrent.ThreadPoolExecutor.runWorker(ThreadPoolExecutor.java:1130)
	at java.base/java.util.concurrent.ThreadPoolExecutor$Worker.run(ThreadPoolExecutor.java:630)
	at java.base/java.lang.Thread.run(Thread.java:832)

may. 18, 2021 3:52:43 P. M. org.glassfish.hk2.classmodel.reflect.Parser$5 on
SEVERE: Exception while visiting META-INF/versions/11/org/bouncycastle/jcajce/provider/asymmetric/edec/KeyAgreementSpi$X448withSHA256CKDF.class of size 705
java.lang.IllegalArgumentException
	at org.glassfish.hk2.external.org.objectweb.asm.ClassReader.&lt;init&gt;(ClassReader.java:160)
	at org.glassfish.hk2.external.org.objectweb.asm.ClassReader.&lt;init&gt;(ClassReader.java:143)
	at org.glassfish.hk2.external.org.objectweb.asm.ClassReader.&lt;init&gt;(ClassReader.java:418)
	at org.glassfish.hk2.classmodel.reflect.Parser$5.on(Parser.java:335)
	at com.sun.enterprise.v3.server.ReadableArchiveScannerAdapter.handleEntry(ReadableArchiveScannerAdapter.java:141)
	at com.sun.enterprise.v3.server.ReadableArchiveScannerAdapter.onSelectedEntries(ReadableArchiveScannerAdapter.java:103)
	at org.glassfish.hk2.classmodel.reflect.Parser.doJob(Parser.java:321)
	at org.glassfish.hk2.classmodel.reflect.Parser.access$300(Parser.java:44)
	at org.glassfish.hk2.classmodel.reflect.Parser$3.call(Parser.java:280)
	at org.glassfish.hk2.classmodel.reflect.Parser$3.call(Parser.java:269)
	at java.base/java.util.concurrent.FutureTask.run(FutureTask.java:264)
	at java.base/java.util.concurrent.ThreadPoolExecutor.runWorker(ThreadPoolExecutor.java:1130)
	at java.base/java.util.concurrent.ThreadPoolExecutor$Worker.run(ThreadPoolExecutor.java:630)
	at java.base/java.lang.Thread.run(Thread.java:832)

may. 18, 2021 3:52:43 P. M. org.glassfish.hk2.classmodel.reflect.Parser$5 on
SEVERE: Exception while visiting META-INF/versions/11/org/bouncycastle/jcajce/provider/asymmetric/edec/KeyAgreementSpi$X448withSHA384CKDF.class of size 705
java.lang.IllegalArgumentException
	at org.glassfish.hk2.external.org.objectweb.asm.ClassReader.&lt;init&gt;(ClassReader.java:160)
	at org.glassfish.hk2.external.org.objectweb.asm.ClassReader.&lt;init&gt;(ClassReader.java:143)
	at org.glassfish.hk2.external.org.objectweb.asm.ClassReader.&lt;init&gt;(ClassReader.java:418)
	at org.glassfish.hk2.classmodel.reflect.Parser$5.on(Parser.java:335)
	at com.sun.enterprise.v3.server.ReadableArchiveScannerAdapter.handleEntry(ReadableArchiveScannerAdapter.java:141)
	at com.sun.enterprise.v3.server.ReadableArchiveScannerAdapter.onSelectedEntries(ReadableArchiveScannerAdapter.java:103)
	at org.glassfish.hk2.classmodel.reflect.Parser.doJob(Parser.java:321)
	at org.glassfish.hk2.classmodel.reflect.Parser.access$300(Parser.java:44)
	at org.glassfish.hk2.classmodel.reflect.Parser$3.call(Parser.java:280)
	at org.glassfish.hk2.classmodel.reflect.Parser$3.call(Parser.java:269)
	at java.base/java.util.concurrent.FutureTask.run(FutureTask.java:264)
	at java.base/java.util.concurrent.ThreadPoolExecutor.runWorker(ThreadPoolExecutor.java:1130)
	at java.base/java.util.concurrent.ThreadPoolExecutor$Worker.run(ThreadPoolExecutor.java:630)
	at java.base/java.lang.Thread.run(Thread.java:832)

may. 18, 2021 3:52:43 P. M. org.glassfish.hk2.classmodel.reflect.Parser$5 on
SEVERE: Exception while visiting META-INF/versions/11/org/bouncycastle/jcajce/provider/asymmetric/edec/KeyAgreementSpi$X448withSHA512CKDF.class of size 705
java.lang.IllegalArgumentException
	at org.glassfish.hk2.external.org.objectweb.asm.ClassReader.&lt;init&gt;(ClassReader.java:160)
	at org.glassfish.hk2.external.org.objectweb.asm.ClassReader.&lt;init&gt;(ClassReader.java:143)
	at org.glassfish.hk2.external.org.objectweb.asm.ClassReader.&lt;init&gt;(ClassReader.java:418)
	at org.glassfish.hk2.classmodel.reflect.Parser$5.on(Parser.java:335)
	at com.sun.enterprise.v3.server.ReadableArchiveScannerAdapter.handleEntry(ReadableArchiveScannerAdapter.java:141)
	at com.sun.enterprise.v3.server.ReadableArchiveScannerAdapter.onSelectedEntries(ReadableArchiveScannerAdapter.java:103)
	at org.glassfish.hk2.classmodel.reflect.Parser.doJob(Parser.java:321)
	at org.glassfish.hk2.classmodel.reflect.Parser.access$300(Parser.java:44)
	at org.glassfish.hk2.classmodel.reflect.Parser$3.call(Parser.java:280)
	at org.glassfish.hk2.classmodel.reflect.Parser$3.call(Parser.java:269)
	at java.base/java.util.concurrent.FutureTask.run(FutureTask.java:264)
	at java.base/java.util.concurrent.ThreadPoolExecutor.runWorker(ThreadPoolExecutor.java:1130)
	at java.base/java.util.concurrent.ThreadPoolExecutor$Worker.run(ThreadPoolExecutor.java:630)
	at java.base/java.lang.Thread.run(Thread.java:832)

may. 18, 2021 3:52:43 P. M. org.glassfish.hk2.classmodel.reflect.Parser$5 on
SEVERE: Exception while visiting META-INF/versions/11/org/bouncycastle/jcajce/provider/asymmetric/edec/KeyAgreementSpi$X448withSHA512KDF.class of size 693
java.lang.IllegalArgumentException
	at org.glassfish.hk2.external.org.objectweb.asm.ClassReader.&lt;init&gt;(ClassReader.java:160)
	at org.glassfish.hk2.external.org.objectweb.asm.ClassReader.&lt;init&gt;(ClassReader.java:143)
	at org.glassfish.hk2.external.org.objectweb.asm.ClassReader.&lt;init&gt;(ClassReader.java:418)
	at org.glassfish.hk2.classmodel.reflect.Parser$5.on(Parser.java:335)
	at com.sun.enterprise.v3.server.ReadableArchiveScannerAdapter.handleEntry(ReadableArchiveScannerAdapter.java:141)
	at com.sun.enterprise.v3.server.ReadableArchiveScannerAdapter.onSelectedEntries(ReadableArchiveScannerAdapter.java:103)
	at org.glassfish.hk2.classmodel.reflect.Parser.doJob(Parser.java:321)
	at org.glassfish.hk2.classmodel.reflect.Parser.access$300(Parser.java:44)
	at org.glassfish.hk2.classmodel.reflect.Parser$3.call(Parser.java:280)
	at org.glassfish.hk2.classmodel.reflect.Parser$3.call(Parser.java:269)
	at java.base/java.util.concurrent.FutureTask.run(FutureTask.java:264)
	at java.base/java.util.concurrent.ThreadPoolExecutor.runWorker(ThreadPoolExecutor.java:1130)
	at java.base/java.util.concurrent.ThreadPoolExecutor$Worker.run(ThreadPoolExecutor.java:630)
	at java.base/java.lang.Thread.run(Thread.java:832)

may. 18, 2021 3:52:43 P. M. org.glassfish.hk2.classmodel.reflect.Parser$5 on
SEVERE: Exception while visiting META-INF/versions/11/org/bouncycastle/jcajce/provider/asymmetric/edec/KeyAgreementSpi$XDH.class of size 394
java.lang.IllegalArgumentException
	at org.glassfish.hk2.external.org.objectweb.asm.ClassReader.&lt;init&gt;(ClassReader.java:160)
	at org.glassfish.hk2.external.org.objectweb.asm.ClassReader.&lt;init&gt;(ClassReader.java:143)
	at org.glassfish.hk2.external.org.objectweb.asm.ClassReader.&lt;init&gt;(ClassReader.java:418)
	at org.glassfish.hk2.classmodel.reflect.Parser$5.on(Parser.java:335)
	at com.sun.enterprise.v3.server.ReadableArchiveScannerAdapter.handleEntry(ReadableArchiveScannerAdapter.java:141)
	at com.sun.enterprise.v3.server.ReadableArchiveScannerAdapter.onSelectedEntries(ReadableArchiveScannerAdapter.java:103)
	at org.glassfish.hk2.classmodel.reflect.Parser.doJob(Parser.java:321)
	at org.glassfish.hk2.classmodel.reflect.Parser.access$300(Parser.java:44)
	at org.glassfish.hk2.classmodel.reflect.Parser$3.call(Parser.java:280)
	at org.glassfish.hk2.classmodel.reflect.Parser$3.call(Parser.java:269)
	at java.base/java.util.concurrent.FutureTask.run(FutureTask.java:264)
	at java.base/java.util.concurrent.ThreadPoolExecutor.runWorker(ThreadPoolExecutor.java:1130)
	at java.base/java.util.concurrent.ThreadPoolExecutor$Worker.run(ThreadPoolExecutor.java:630)
	at java.base/java.lang.Thread.run(Thread.java:832)

may. 18, 2021 3:52:43 P. M. org.glassfish.hk2.classmodel.reflect.Parser$5 on
SEVERE: Exception while visiting META-INF/versions/11/org/bouncycastle/jcajce/provider/asymmetric/edec/KeyAgreementSpi.class of size 7752
java.lang.IllegalArgumentException
	at org.glassfish.hk2.external.org.objectweb.asm.ClassReader.&lt;init&gt;(ClassReader.java:160)
	at org.glassfish.hk2.external.org.objectweb.asm.ClassReader.&lt;init&gt;(ClassReader.java:143)
	at org.glassfish.hk2.external.org.objectweb.asm.ClassReader.&lt;init&gt;(ClassReader.java:418)
	at org.glassfish.hk2.classmodel.reflect.Parser$5.on(Parser.java:335)
	at com.sun.enterprise.v3.server.ReadableArchiveScannerAdapter.handleEntry(ReadableArchiveScannerAdapter.java:141)
	at com.sun.enterprise.v3.server.ReadableArchiveScannerAdapter.onSelectedEntries(ReadableArchiveScannerAdapter.java:103)
	at org.glassfish.hk2.classmodel.reflect.Parser.doJob(Parser.java:321)
	at org.glassfish.hk2.classmodel.reflect.Parser.access$300(Parser.java:44)
	at org.glassfish.hk2.classmodel.reflect.Parser$3.call(Parser.java:280)
	at org.glassfish.hk2.classmodel.reflect.Parser$3.call(Parser.java:269)
	at java.base/java.util.concurrent.FutureTask.run(FutureTask.java:264)
	at java.base/java.util.concurrent.ThreadPoolExecutor.runWorker(ThreadPoolExecutor.java:1130)
	at java.base/java.util.concurrent.ThreadPoolExecutor$Worker.run(ThreadPoolExecutor.java:630)
	at java.base/java.lang.Thread.run(Thread.java:832)

may. 18, 2021 3:52:43 P. M. org.glassfish.hk2.classmodel.reflect.Parser$5 on
SEVERE: Exception while visiting META-INF/versions/11/org/bouncycastle/jcajce/provider/asymmetric/edec/KeyFactorySpi$Ed25519.class of size 401
java.lang.IllegalArgumentException
	at org.glassfish.hk2.external.org.objectweb.asm.ClassReader.&lt;init&gt;(ClassReader.java:160)
	at org.glassfish.hk2.external.org.objectweb.asm.ClassReader.&lt;init&gt;(ClassReader.java:143)
	at org.glassfish.hk2.external.org.objectweb.asm.ClassReader.&lt;init&gt;(ClassReader.java:418)
	at org.glassfish.hk2.classmodel.reflect.Parser$5.on(Parser.java:335)
	at com.sun.enterprise.v3.server.ReadableArchiveScannerAdapter.handleEntry(ReadableArchiveScannerAdapter.java:141)
	at com.sun.enterprise.v3.server.ReadableArchiveScannerAdapter.onSelectedEntries(ReadableArchiveScannerAdapter.java:103)
	at org.glassfish.hk2.classmodel.reflect.Parser.doJob(Parser.java:321)
	at org.glassfish.hk2.classmodel.reflect.Parser.access$300(Parser.java:44)
	at org.glassfish.hk2.classmodel.reflect.Parser$3.call(Parser.java:280)
	at org.glassfish.hk2.classmodel.reflect.Parser$3.call(Parser.java:269)
	at java.base/java.util.concurrent.FutureTask.run(FutureTask.java:264)
	at java.base/java.util.concurrent.ThreadPoolExecutor.runWorker(ThreadPoolExecutor.java:1130)
	at java.base/java.util.concurrent.ThreadPoolExecutor$Worker.run(ThreadPoolExecutor.java:630)
	at java.base/java.lang.Thread.run(Thread.java:832)

may. 18, 2021 3:52:43 P. M. org.glassfish.hk2.classmodel.reflect.Parser$5 on
SEVERE: Exception while visiting META-INF/versions/11/org/bouncycastle/jcajce/provider/asymmetric/edec/KeyFactorySpi$Ed448.class of size 397
java.lang.IllegalArgumentException
	at org.glassfish.hk2.external.org.objectweb.asm.ClassReader.&lt;init&gt;(ClassReader.java:160)
	at org.glassfish.hk2.external.org.objectweb.asm.ClassReader.&lt;init&gt;(ClassReader.java:143)
	at org.glassfish.hk2.external.org.objectweb.asm.ClassReader.&lt;init&gt;(ClassReader.java:418)
	at org.glassfish.hk2.classmodel.reflect.Parser$5.on(Parser.java:335)
	at com.sun.enterprise.v3.server.ReadableArchiveScannerAdapter.handleEntry(ReadableArchiveScannerAdapter.java:141)
	at com.sun.enterprise.v3.server.ReadableArchiveScannerAdapter.onSelectedEntries(ReadableArchiveScannerAdapter.java:103)
	at org.glassfish.hk2.classmodel.reflect.Parser.doJob(Parser.java:321)
	at org.glassfish.hk2.classmodel.reflect.Parser.access$300(Parser.java:44)
	at org.glassfish.hk2.classmodel.reflect.Parser$3.call(Parser.java:280)
	at org.glassfish.hk2.classmodel.reflect.Parser$3.call(Parser.java:269)
	at java.base/java.util.concurrent.FutureTask.run(FutureTask.java:264)
	at java.base/java.util.concurrent.ThreadPoolExecutor.runWorker(ThreadPoolExecutor.java:1130)
	at java.base/java.util.concurrent.ThreadPoolExecutor$Worker.run(ThreadPoolExecutor.java:630)
	at java.base/java.lang.Thread.run(Thread.java:832)

may. 18, 2021 3:52:43 P. M. org.glassfish.hk2.classmodel.reflect.Parser$5 on
SEVERE: Exception while visiting META-INF/versions/11/org/bouncycastle/jcajce/provider/asymmetric/edec/KeyFactorySpi$EdDSA.class of size 396
java.lang.IllegalArgumentException
	at org.glassfish.hk2.external.org.objectweb.asm.ClassReader.&lt;init&gt;(ClassReader.java:160)
	at org.glassfish.hk2.external.org.objectweb.asm.ClassReader.&lt;init&gt;(ClassReader.java:143)
	at org.glassfish.hk2.external.org.objectweb.asm.ClassReader.&lt;init&gt;(ClassReader.java:418)
	at org.glassfish.hk2.classmodel.reflect.Parser$5.on(Parser.java:335)
	at com.sun.enterprise.v3.server.ReadableArchiveScannerAdapter.handleEntry(ReadableArchiveScannerAdapter.java:141)
	at com.sun.enterprise.v3.server.ReadableArchiveScannerAdapter.onSelectedEntries(ReadableArchiveScannerAdapter.java:103)
	at org.glassfish.hk2.classmodel.reflect.Parser.doJob(Parser.java:321)
	at org.glassfish.hk2.classmodel.reflect.Parser.access$300(Parser.java:44)
	at org.glassfish.hk2.classmodel.reflect.Parser$3.call(Parser.java:280)
	at org.glassfish.hk2.classmodel.reflect.Parser$3.call(Parser.java:269)
	at java.base/java.util.concurrent.FutureTask.run(FutureTask.java:264)
	at java.base/java.util.concurrent.ThreadPoolExecutor.runWorker(ThreadPoolExecutor.java:1130)
	at java.base/java.util.concurrent.ThreadPoolExecutor$Worker.run(ThreadPoolExecutor.java:630)
	at java.base/java.lang.Thread.run(Thread.java:832)

may. 18, 2021 3:52:43 P. M. org.glassfish.hk2.classmodel.reflect.Parser$5 on
SEVERE: Exception while visiting META-INF/versions/11/org/bouncycastle/jcajce/provider/asymmetric/edec/KeyFactorySpi$X25519.class of size 399
java.lang.IllegalArgumentException
	at org.glassfish.hk2.external.org.objectweb.asm.ClassReader.&lt;init&gt;(ClassReader.java:160)
	at org.glassfish.hk2.external.org.objectweb.asm.ClassReader.&lt;init&gt;(ClassReader.java:143)
	at org.glassfish.hk2.external.org.objectweb.asm.ClassReader.&lt;init&gt;(ClassReader.java:418)
	at org.glassfish.hk2.classmodel.reflect.Parser$5.on(Parser.java:335)
	at com.sun.enterprise.v3.server.ReadableArchiveScannerAdapter.handleEntry(ReadableArchiveScannerAdapter.java:141)
	at com.sun.enterprise.v3.server.ReadableArchiveScannerAdapter.onSelectedEntries(ReadableArchiveScannerAdapter.java:103)
	at org.glassfish.hk2.classmodel.reflect.Parser.doJob(Parser.java:321)
	at org.glassfish.hk2.classmodel.reflect.Parser.access$300(Parser.java:44)
	at org.glassfish.hk2.classmodel.reflect.Parser$3.call(Parser.java:280)
	at org.glassfish.hk2.classmodel.reflect.Parser$3.call(Parser.java:269)
	at java.base/java.util.concurrent.FutureTask.run(FutureTask.java:264)
	at java.base/java.util.concurrent.ThreadPoolExecutor.runWorker(ThreadPoolExecutor.java:1130)
	at java.base/java.util.concurrent.ThreadPoolExecutor$Worker.run(ThreadPoolExecutor.java:630)
	at java.base/java.lang.Thread.run(Thread.java:832)

may. 18, 2021 3:52:43 P. M. org.glassfish.hk2.classmodel.reflect.Parser$5 on
SEVERE: Exception while visiting META-INF/versions/11/org/bouncycastle/jcajce/provider/asymmetric/edec/KeyFactorySpi$X448.class of size 395
java.lang.IllegalArgumentException
	at org.glassfish.hk2.external.org.objectweb.asm.ClassReader.&lt;init&gt;(ClassReader.java:160)
	at org.glassfish.hk2.external.org.objectweb.asm.ClassReader.&lt;init&gt;(ClassReader.java:143)
	at org.glassfish.hk2.external.org.objectweb.asm.ClassReader.&lt;init&gt;(ClassReader.java:418)
	at org.glassfish.hk2.classmodel.reflect.Parser$5.on(Parser.java:335)
	at com.sun.enterprise.v3.server.ReadableArchiveScannerAdapter.handleEntry(ReadableArchiveScannerAdapter.java:141)
	at com.sun.enterprise.v3.server.ReadableArchiveScannerAdapter.onSelectedEntries(ReadableArchiveScannerAdapter.java:103)
	at org.glassfish.hk2.classmodel.reflect.Parser.doJob(Parser.java:321)
	at org.glassfish.hk2.classmodel.reflect.Parser.access$300(Parser.java:44)
	at org.glassfish.hk2.classmodel.reflect.Parser$3.call(Parser.java:280)
	at org.glassfish.hk2.classmodel.reflect.Parser$3.call(Parser.java:269)
	at java.base/java.util.concurrent.FutureTask.run(FutureTask.java:264)
	at java.base/java.util.concurrent.ThreadPoolExecutor.runWorker(ThreadPoolExecutor.java:1130)
	at java.base/java.util.concurrent.ThreadPoolExecutor$Worker.run(ThreadPoolExecutor.java:630)
	at java.base/java.lang.Thread.run(Thread.java:832)

may. 18, 2021 3:52:43 P. M. org.glassfish.hk2.classmodel.reflect.Parser$5 on
SEVERE: Exception while visiting META-INF/versions/11/org/bouncycastle/jcajce/provider/asymmetric/edec/KeyFactorySpi$XDH.class of size 392
java.lang.IllegalArgumentException
	at org.glassfish.hk2.external.org.objectweb.asm.ClassReader.&lt;init&gt;(ClassReader.java:160)
	at org.glassfish.hk2.external.org.objectweb.asm.ClassReader.&lt;init&gt;(ClassReader.java:143)
	at org.glassfish.hk2.external.org.objectweb.asm.ClassReader.&lt;init&gt;(ClassReader.java:418)
	at org.glassfish.hk2.classmodel.reflect.Parser$5.on(Parser.java:335)
	at com.sun.enterprise.v3.server.ReadableArchiveScannerAdapter.handleEntry(ReadableArchiveScannerAdapter.java:141)
	at com.sun.enterprise.v3.server.ReadableArchiveScannerAdapter.onSelectedEntries(ReadableArchiveScannerAdapter.java:103)
	at org.glassfish.hk2.classmodel.reflect.Parser.doJob(Parser.java:321)
	at org.glassfish.hk2.classmodel.reflect.Parser.access$300(Parser.java:44)
	at org.glassfish.hk2.classmodel.reflect.Parser$3.call(Parser.java:280)
	at org.glassfish.hk2.classmodel.reflect.Parser$3.call(Parser.java:269)
	at java.base/java.util.concurrent.FutureTask.run(FutureTask.java:264)
	at java.base/java.util.concurrent.ThreadPoolExecutor.runWorker(ThreadPoolExecutor.java:1130)
	at java.base/java.util.concurrent.ThreadPoolExecutor$Worker.run(ThreadPoolExecutor.java:630)
	at java.base/java.lang.Thread.run(Thread.java:832)

may. 18, 2021 3:52:43 P. M. org.glassfish.hk2.classmodel.reflect.Parser$5 on
SEVERE: Exception while visiting META-INF/versions/11/org/bouncycastle/jcajce/provider/asymmetric/edec/KeyFactorySpi.class of size 8190
java.lang.IllegalArgumentException
	at org.glassfish.hk2.external.org.objectweb.asm.ClassReader.&lt;init&gt;(ClassReader.java:160)
	at org.glassfish.hk2.external.org.objectweb.asm.ClassReader.&lt;init&gt;(ClassReader.java:143)
	at org.glassfish.hk2.external.org.objectweb.asm.ClassReader.&lt;init&gt;(ClassReader.java:418)
	at org.glassfish.hk2.classmodel.reflect.Parser$5.on(Parser.java:335)
	at com.sun.enterprise.v3.server.ReadableArchiveScannerAdapter.handleEntry(ReadableArchiveScannerAdapter.java:141)
	at com.sun.enterprise.v3.server.ReadableArchiveScannerAdapter.onSelectedEntries(ReadableArchiveScannerAdapter.java:103)
	at org.glassfish.hk2.classmodel.reflect.Parser.doJob(Parser.java:321)
	at org.glassfish.hk2.classmodel.reflect.Parser.access$300(Parser.java:44)
	at org.glassfish.hk2.classmodel.reflect.Parser$3.call(Parser.java:280)
	at org.glassfish.hk2.classmodel.reflect.Parser$3.call(Parser.java:269)
	at java.base/java.util.concurrent.FutureTask.run(FutureTask.java:264)
	at java.base/java.util.concurrent.ThreadPoolExecutor.runWorker(ThreadPoolExecutor.java:1130)
	at java.base/java.util.concurrent.ThreadPoolExecutor$Worker.run(ThreadPoolExecutor.java:630)
	at java.base/java.lang.Thread.run(Thread.java:832)

may. 18, 2021 3:52:43 P. M. org.glassfish.hk2.classmodel.reflect.Parser$5 on
SEVERE: Exception while visiting META-INF/versions/11/org/bouncycastle/jcajce/provider/asymmetric/edec/KeyPairGeneratorSpi$Ed25519.class of size 532
java.lang.IllegalArgumentException
	at org.glassfish.hk2.external.org.objectweb.asm.ClassReader.&lt;init&gt;(ClassReader.java:160)
	at org.glassfish.hk2.external.org.objectweb.asm.ClassReader.&lt;init&gt;(ClassReader.java:143)
	at org.glassfish.hk2.external.org.objectweb.asm.ClassReader.&lt;init&gt;(ClassReader.java:418)
	at org.glassfish.hk2.classmodel.reflect.Parser$5.on(Parser.java:335)
	at com.sun.enterprise.v3.server.ReadableArchiveScannerAdapter.handleEntry(ReadableArchiveScannerAdapter.java:141)
	at com.sun.enterprise.v3.server.ReadableArchiveScannerAdapter.onSelectedEntries(ReadableArchiveScannerAdapter.java:103)
	at org.glassfish.hk2.classmodel.reflect.Parser.doJob(Parser.java:321)
	at org.glassfish.hk2.classmodel.reflect.Parser.access$300(Parser.java:44)
	at org.glassfish.hk2.classmodel.reflect.Parser$3.call(Parser.java:280)
	at org.glassfish.hk2.classmodel.reflect.Parser$3.call(Parser.java:269)
	at java.base/java.util.concurrent.FutureTask.run(FutureTask.java:264)
	at java.base/java.util.concurrent.ThreadPoolExecutor.runWorker(ThreadPoolExecutor.java:1130)
	at java.base/java.util.concurrent.ThreadPoolExecutor$Worker.run(ThreadPoolExecutor.java:630)
	at java.base/java.lang.Thread.run(Thread.java:832)

may. 18, 2021 3:52:43 P. M. org.glassfish.hk2.classmodel.reflect.Parser$5 on
SEVERE: Exception while visiting META-INF/versions/11/org/bouncycastle/jcajce/provider/asymmetric/edec/KeyPairGeneratorSpi$Ed448.class of size 526
java.lang.IllegalArgumentException
	at org.glassfish.hk2.external.org.objectweb.asm.ClassReader.&lt;init&gt;(ClassReader.java:160)
	at org.glassfish.hk2.external.org.objectweb.asm.ClassReader.&lt;init&gt;(ClassReader.java:143)
	at org.glassfish.hk2.external.org.objectweb.asm.ClassReader.&lt;init&gt;(ClassReader.java:418)
	at org.glassfish.hk2.classmodel.reflect.Parser$5.on(Parser.java:335)
	at com.sun.enterprise.v3.server.ReadableArchiveScannerAdapter.handleEntry(ReadableArchiveScannerAdapter.java:141)
	at com.sun.enterprise.v3.server.ReadableArchiveScannerAdapter.onSelectedEntries(ReadableArchiveScannerAdapter.java:103)
	at org.glassfish.hk2.classmodel.reflect.Parser.doJob(Parser.java:321)
	at org.glassfish.hk2.classmodel.reflect.Parser.access$300(Parser.java:44)
	at org.glassfish.hk2.classmodel.reflect.Parser$3.call(Parser.java:280)
	at org.glassfish.hk2.classmodel.reflect.Parser$3.call(Parser.java:269)
	at java.base/java.util.concurrent.FutureTask.run(FutureTask.java:264)
	at java.base/java.util.concurrent.ThreadPoolExecutor.runWorker(ThreadPoolExecutor.java:1130)
	at java.base/java.util.concurrent.ThreadPoolExecutor$Worker.run(ThreadPoolExecutor.java:630)
	at java.base/java.lang.Thread.run(Thread.java:832)

may. 18, 2021 3:52:43 P. M. org.glassfish.hk2.classmodel.reflect.Parser$5 on
SEVERE: Exception while visiting META-INF/versions/11/org/bouncycastle/jcajce/provider/asymmetric/edec/KeyPairGeneratorSpi$EdDSA.class of size 448
java.lang.IllegalArgumentException
	at org.glassfish.hk2.external.org.objectweb.asm.ClassReader.&lt;init&gt;(ClassReader.java:160)
	at org.glassfish.hk2.external.org.objectweb.asm.ClassReader.&lt;init&gt;(ClassReader.java:143)
	at org.glassfish.hk2.external.org.objectweb.asm.ClassReader.&lt;init&gt;(ClassReader.java:418)
	at org.glassfish.hk2.classmodel.reflect.Parser$5.on(Parser.java:335)
	at com.sun.enterprise.v3.server.ReadableArchiveScannerAdapter.handleEntry(ReadableArchiveScannerAdapter.java:141)
	at com.sun.enterprise.v3.server.ReadableArchiveScannerAdapter.onSelectedEntries(ReadableArchiveScannerAdapter.java:103)
	at org.glassfish.hk2.classmodel.reflect.Parser.doJob(Parser.java:321)
	at org.glassfish.hk2.classmodel.reflect.Parser.access$300(Parser.java:44)
	at org.glassfish.hk2.classmodel.reflect.Parser$3.call(Parser.java:280)
	at org.glassfish.hk2.classmodel.reflect.Parser$3.call(Parser.java:269)
	at java.base/java.util.concurrent.FutureTask.run(FutureTask.java:264)
	at java.base/java.util.concurrent.ThreadPoolExecutor.runWorker(ThreadPoolExecutor.java:1130)
	at java.base/java.util.concurrent.ThreadPoolExecutor$Worker.run(ThreadPoolExecutor.java:630)
	at java.base/java.lang.Thread.run(Thread.java:832)

may. 18, 2021 3:52:43 P. M. org.glassfish.hk2.classmodel.reflect.Parser$5 on
SEVERE: Exception while visiting META-INF/versions/11/org/bouncycastle/jcajce/provider/asymmetric/edec/KeyPairGeneratorSpi$X25519.class of size 529
java.lang.IllegalArgumentException
	at org.glassfish.hk2.external.org.objectweb.asm.ClassReader.&lt;init&gt;(ClassReader.java:160)
	at org.glassfish.hk2.external.org.objectweb.asm.ClassReader.&lt;init&gt;(ClassReader.java:143)
	at org.glassfish.hk2.external.org.objectweb.asm.ClassReader.&lt;init&gt;(ClassReader.java:418)
	at org.glassfish.hk2.classmodel.reflect.Parser$5.on(Parser.java:335)
	at com.sun.enterprise.v3.server.ReadableArchiveScannerAdapter.handleEntry(ReadableArchiveScannerAdapter.java:141)
	at com.sun.enterprise.v3.server.ReadableArchiveScannerAdapter.onSelectedEntries(ReadableArchiveScannerAdapter.java:103)
	at org.glassfish.hk2.classmodel.reflect.Parser.doJob(Parser.java:321)
	at org.glassfish.hk2.classmodel.reflect.Parser.access$300(Parser.java:44)
	at org.glassfish.hk2.classmodel.reflect.Parser$3.call(Parser.java:280)
	at org.glassfish.hk2.classmodel.reflect.Parser$3.call(Parser.java:269)
	at java.base/java.util.concurrent.FutureTask.run(FutureTask.java:264)
	at java.base/java.util.concurrent.ThreadPoolExecutor.runWorker(ThreadPoolExecutor.java:1130)
	at java.base/java.util.concurrent.ThreadPoolExecutor$Worker.run(ThreadPoolExecutor.java:630)
	at java.base/java.lang.Thread.run(Thread.java:832)

may. 18, 2021 3:52:43 P. M. org.glassfish.hk2.classmodel.reflect.Parser$5 on
SEVERE: Exception while visiting META-INF/versions/11/org/bouncycastle/jcajce/provider/asymmetric/edec/KeyPairGeneratorSpi$X448.class of size 523
java.lang.IllegalArgumentException
	at org.glassfish.hk2.external.org.objectweb.asm.ClassReader.&lt;init&gt;(ClassReader.java:160)
	at org.glassfish.hk2.external.org.objectweb.asm.ClassReader.&lt;init&gt;(ClassReader.java:143)
	at org.glassfish.hk2.external.org.objectweb.asm.ClassReader.&lt;init&gt;(ClassReader.java:418)
	at org.glassfish.hk2.classmodel.reflect.Parser$5.on(Parser.java:335)
	at com.sun.enterprise.v3.server.ReadableArchiveScannerAdapter.handleEntry(ReadableArchiveScannerAdapter.java:141)
	at com.sun.enterprise.v3.server.ReadableArchiveScannerAdapter.onSelectedEntries(ReadableArchiveScannerAdapter.java:103)
	at org.glassfish.hk2.classmodel.reflect.Parser.doJob(Parser.java:321)
	at org.glassfish.hk2.classmodel.reflect.Parser.access$300(Parser.java:44)
	at org.glassfish.hk2.classmodel.reflect.Parser$3.call(Parser.java:280)
	at org.glassfish.hk2.classmodel.reflect.Parser$3.call(Parser.java:269)
	at java.base/java.util.concurrent.FutureTask.run(FutureTask.java:264)
	at java.base/java.util.concurrent.ThreadPoolExecutor.runWorker(ThreadPoolExecutor.java:1130)
	at java.base/java.util.concurrent.ThreadPoolExecutor$Worker.run(ThreadPoolExecutor.java:630)
	at java.base/java.lang.Thread.run(Thread.java:832)

may. 18, 2021 3:52:43 P. M. org.glassfish.hk2.classmodel.reflect.Parser$5 on
SEVERE: Exception while visiting META-INF/versions/11/org/bouncycastle/jcajce/provider/asymmetric/edec/KeyPairGeneratorSpi$XDH.class of size 445
java.lang.IllegalArgumentException
	at org.glassfish.hk2.external.org.objectweb.asm.ClassReader.&lt;init&gt;(ClassReader.java:160)
	at org.glassfish.hk2.external.org.objectweb.asm.ClassReader.&lt;init&gt;(ClassReader.java:143)
	at org.glassfish.hk2.external.org.objectweb.asm.ClassReader.&lt;init&gt;(ClassReader.java:418)
	at org.glassfish.hk2.classmodel.reflect.Parser$5.on(Parser.java:335)
	at com.sun.enterprise.v3.server.ReadableArchiveScannerAdapter.handleEntry(ReadableArchiveScannerAdapter.java:141)
	at com.sun.enterprise.v3.server.ReadableArchiveScannerAdapter.onSelectedEntries(ReadableArchiveScannerAdapter.java:103)
	at org.glassfish.hk2.classmodel.reflect.Parser.doJob(Parser.java:321)
	at org.glassfish.hk2.classmodel.reflect.Parser.access$300(Parser.java:44)
	at org.glassfish.hk2.classmodel.reflect.Parser$3.call(Parser.java:280)
	at org.glassfish.hk2.classmodel.reflect.Parser$3.call(Parser.java:269)
	at java.base/java.util.concurrent.FutureTask.run(FutureTask.java:264)
	at java.base/java.util.concurrent.ThreadPoolExecutor.runWorker(ThreadPoolExecutor.java:1130)
	at java.base/java.util.concurrent.ThreadPoolExecutor$Worker.run(ThreadPoolExecutor.java:630)
	at java.base/java.lang.Thread.run(Thread.java:832)

may. 18, 2021 3:52:43 P. M. org.glassfish.hk2.classmodel.reflect.Parser$5 on
SEVERE: Exception while visiting META-INF/versions/11/org/bouncycastle/jcajce/provider/asymmetric/edec/KeyPairGeneratorSpi.class of size 6608
java.lang.IllegalArgumentException
	at org.glassfish.hk2.external.org.objectweb.asm.ClassReader.&lt;init&gt;(ClassReader.java:160)
	at org.glassfish.hk2.external.org.objectweb.asm.ClassReader.&lt;init&gt;(ClassReader.java:143)
	at org.glassfish.hk2.external.org.objectweb.asm.ClassReader.&lt;init&gt;(ClassReader.java:418)
	at org.glassfish.hk2.classmodel.reflect.Parser$5.on(Parser.java:335)
	at com.sun.enterprise.v3.server.ReadableArchiveScannerAdapter.handleEntry(ReadableArchiveScannerAdapter.java:141)
	at com.sun.enterprise.v3.server.ReadableArchiveScannerAdapter.onSelectedEntries(ReadableArchiveScannerAdapter.java:103)
	at org.glassfish.hk2.classmodel.reflect.Parser.doJob(Parser.java:321)
	at org.glassfish.hk2.classmodel.reflect.Parser.access$300(Parser.java:44)
	at org.glassfish.hk2.classmodel.reflect.Parser$3.call(Parser.java:280)
	at org.glassfish.hk2.classmodel.reflect.Parser$3.call(Parser.java:269)
	at java.base/java.util.concurrent.FutureTask.run(FutureTask.java:264)
	at java.base/java.util.concurrent.ThreadPoolExecutor.runWorker(ThreadPoolExecutor.java:1130)
	at java.base/java.util.concurrent.ThreadPoolExecutor$Worker.run(ThreadPoolExecutor.java:630)
	at java.base/java.lang.Thread.run(Thread.java:832)

may. 18, 2021 3:52:43 P. M. org.glassfish.hk2.classmodel.reflect.Parser$5 on
SEVERE: Exception while visiting META-INF/versions/15/org/bouncycastle/jcajce/provider/asymmetric/edec/BC11XDHPrivateKey.class of size 1340
java.lang.IllegalArgumentException
	at org.glassfish.hk2.external.org.objectweb.asm.ClassReader.&lt;init&gt;(ClassReader.java:160)
	at org.glassfish.hk2.external.org.objectweb.asm.ClassReader.&lt;init&gt;(ClassReader.java:143)
	at org.glassfish.hk2.external.org.objectweb.asm.ClassReader.&lt;init&gt;(ClassReader.java:418)
	at org.glassfish.hk2.classmodel.reflect.Parser$5.on(Parser.java:335)
	at com.sun.enterprise.v3.server.ReadableArchiveScannerAdapter.handleEntry(ReadableArchiveScannerAdapter.java:141)
	at com.sun.enterprise.v3.server.ReadableArchiveScannerAdapter.onSelectedEntries(ReadableArchiveScannerAdapter.java:103)
	at org.glassfish.hk2.classmodel.reflect.Parser.doJob(Parser.java:321)
	at org.glassfish.hk2.classmodel.reflect.Parser.access$300(Parser.java:44)
	at org.glassfish.hk2.classmodel.reflect.Parser$3.call(Parser.java:280)
	at org.glassfish.hk2.classmodel.reflect.Parser$3.call(Parser.java:269)
	at java.base/java.util.concurrent.FutureTask.run(FutureTask.java:264)
	at java.base/java.util.concurrent.ThreadPoolExecutor.runWorker(ThreadPoolExecutor.java:1130)
	at java.base/java.util.concurrent.ThreadPoolExecutor$Worker.run(ThreadPoolExecutor.java:630)
	at java.base/java.lang.Thread.run(Thread.java:832)

may. 18, 2021 3:52:43 P. M. org.glassfish.hk2.classmodel.reflect.Parser$5 on
SEVERE: Exception while visiting META-INF/versions/15/org/bouncycastle/jcajce/provider/asymmetric/edec/BC11XDHPublicKey.class of size 1421
java.lang.IllegalArgumentException
	at org.glassfish.hk2.external.org.objectweb.asm.ClassReader.&lt;init&gt;(ClassReader.java:160)
	at org.glassfish.hk2.external.org.objectweb.asm.ClassReader.&lt;init&gt;(ClassReader.java:143)
	at org.glassfish.hk2.external.org.objectweb.asm.ClassReader.&lt;init&gt;(ClassReader.java:418)
	at org.glassfish.hk2.classmodel.reflect.Parser$5.on(Parser.java:335)
	at com.sun.enterprise.v3.server.ReadableArchiveScannerAdapter.handleEntry(ReadableArchiveScannerAdapter.java:141)
	at com.sun.enterprise.v3.server.ReadableArchiveScannerAdapter.onSelectedEntries(ReadableArchiveScannerAdapter.java:103)
	at org.glassfish.hk2.classmodel.reflect.Parser.doJob(Parser.java:321)
	at org.glassfish.hk2.classmodel.reflect.Parser.access$300(Parser.java:44)
	at org.glassfish.hk2.classmodel.reflect.Parser$3.call(Parser.java:280)
	at org.glassfish.hk2.classmodel.reflect.Parser$3.call(Parser.java:269)
	at java.base/java.util.concurrent.FutureTask.run(FutureTask.java:264)
	at java.base/java.util.concurrent.ThreadPoolExecutor.runWorker(ThreadPoolExecutor.java:1130)
	at java.base/java.util.concurrent.ThreadPoolExecutor$Worker.run(ThreadPoolExecutor.java:630)
	at java.base/java.lang.Thread.run(Thread.java:832)

may. 18, 2021 3:52:43 P. M. org.glassfish.hk2.classmodel.reflect.Parser$5 on
SEVERE: Exception while visiting META-INF/versions/15/org/bouncycastle/jcajce/provider/asymmetric/edec/BC15EdDSAPrivateKey.class of size 1348
java.lang.IllegalArgumentException
[...]
may. 18, 2021 3:53:53 P. M. org.jboss.weld.event.ExtensionObserverMethodImpl checkRequiredTypeAnnotations
INFO: WELD-000411: Observer method [BackedAnnotatedMethod] public org.glassfish.jms.injection.JMSCDIExtension.processAnnotatedType(@Observes ProcessAnnotatedType&lt;T&gt;) receives events for all annotated types. Consider restricting events using @WithAnnotations or a generic type with bounds.
may. 18, 2021 3:53:53 P. M. org.jboss.weld.event.ExtensionObserverMethodImpl checkRequiredTypeAnnotations
INFO: WELD-000411: Observer method [BackedAnnotatedMethod] public org.hibernate.validator.cdi.ValidationExtension.processAnnotatedType(@Observes ProcessAnnotatedType&lt;T&gt;) receives events for all annotated types. Consider restricting events using @WithAnnotations or a generic type with bounds.
may. 18, 2021 3:53:53 P. M. org.jboss.weld.event.ExtensionObserverMethodImpl checkRequiredTypeAnnotations
INFO: WELD-000411: Observer method [BackedAnnotatedMethod] org.glassfish.sse.impl.ServerSentEventCdiExtension.processAnnotatedType(@Observes ProcessAnnotatedType&lt;T&gt;, BeanManager) receives events for all annotated types. Consider restricting events using @WithAnnotations or a generic type with bounds.
may. 18, 2021 3:53:53 P. M. org.jboss.weld.bootstrap.events.BeforeBeanDiscoveryImpl addAnnotatedType
WARN: WELD-000146: BeforeBeanDiscovery.addAnnotatedType(AnnotatedType&lt;?&gt;) used for class org.glassfish.jersey.ext.cdi1x.transaction.internal.WebAppExceptionHolder is deprecated from CDI 1.1!
may. 18, 2021 3:53:53 P. M. org.jboss.weld.bootstrap.events.BeforeBeanDiscoveryImpl addAnnotatedType
WARN: WELD-000146: BeforeBeanDiscovery.addAnnotatedType(AnnotatedType&lt;?&gt;) used for class org.glassfish.jersey.ext.cdi1x.transaction.internal.WebAppExceptionInterceptor is deprecated from CDI 1.1!
may. 18, 2021 3:53:53 P. M. org.jboss.weld.bootstrap.events.BeforeBeanDiscoveryImpl addAnnotatedType
WARN: WELD-000146: BeforeBeanDiscovery.addAnnotatedType(AnnotatedType&lt;?&gt;) used for class org.glassfish.jersey.ext.cdi1x.transaction.internal.TransactionalExceptionMapper is deprecated from CDI 1.1!
may. 18, 2021 3:53:53 P. M. org.jboss.weld.bootstrap.events.BeforeBeanDiscoveryImpl addAnnotatedType
WARN: WELD-000146: BeforeBeanDiscovery.addAnnotatedType(AnnotatedType&lt;?&gt;) used for class org.glassfish.jersey.ext.cdi1x.internal.CdiComponentProvider$JaxRsParamProducer is deprecated from CDI 1.1!
may. 18, 2021 3:53:53 P. M. org.jboss.weld.bootstrap.events.BeforeBeanDiscoveryImpl addAnnotatedType
WARN: WELD-000146: BeforeBeanDiscovery.addAnnotatedType(AnnotatedType&lt;?&gt;) used for class org.glassfish.jersey.ext.cdi1x.servlet.internal.CdiExternalRequestScope is deprecated from CDI 1.1!
may. 18, 2021 3:53:53 P. M. org.jboss.weld.bootstrap.events.BeforeBeanDiscoveryImpl addAnnotatedType
WARN: WELD-000146: BeforeBeanDiscovery.addAnnotatedType(AnnotatedType&lt;?&gt;) used for class com.ibm.jbatch.container.cdi.BatchProducerBean is deprecated from CDI 1.1!
may. 18, 2021 3:53:53 P. M. org.jboss.weld.bootstrap.events.BeforeBeanDiscoveryImpl addAnnotatedType
WARN: WELD-000146: BeforeBeanDiscovery.addAnnotatedType(AnnotatedType&lt;?&gt;) used for class org.glassfish.cdi.transaction.TransactionalInterceptorMandatory is deprecated from CDI 1.1!
may. 18, 2021 3:53:53 P. M. org.jboss.weld.bootstrap.events.BeforeBeanDiscoveryImpl addAnnotatedType
WARN: WELD-000146: BeforeBeanDiscovery.addAnnotatedType(AnnotatedType&lt;?&gt;) used for class org.glassfish.cdi.transaction.TransactionalInterceptorNever is deprecated from CDI 1.1!
may. 18, 2021 3:53:53 P. M. org.jboss.weld.bootstrap.events.BeforeBeanDiscoveryImpl addAnnotatedType
WARN: WELD-000146: BeforeBeanDiscovery.addAnnotatedType(AnnotatedType&lt;?&gt;) used for class org.glassfish.cdi.transaction.TransactionalInterceptorNotSupported is deprecated from CDI 1.1!
may. 18, 2021 3:53:53 P. M. org.jboss.weld.bootstrap.events.BeforeBeanDiscoveryImpl addAnnotatedType
WARN: WELD-000146: BeforeBeanDiscovery.addAnnotatedType(AnnotatedType&lt;?&gt;) used for class org.glassfish.cdi.transaction.TransactionalInterceptorRequired is deprecated from CDI 1.1!
may. 18, 2021 3:53:53 P. M. org.jboss.weld.bootstrap.events.BeforeBeanDiscoveryImpl addAnnotatedType
WARN: WELD-000146: BeforeBeanDiscovery.addAnnotatedType(AnnotatedType&lt;?&gt;) used for class org.glassfish.cdi.transaction.TransactionalInterceptorRequiresNew is deprecated from CDI 1.1!
may. 18, 2021 3:53:53 P. M. org.jboss.weld.bootstrap.events.BeforeBeanDiscoveryImpl addAnnotatedType
WARN: WELD-000146: BeforeBeanDiscovery.addAnnotatedType(AnnotatedType&lt;?&gt;) used for class org.glassfish.cdi.transaction.TransactionalInterceptorSupports is deprecated from CDI 1.1!
may. 18, 2021 3:53:53 P. M. org.jboss.weld.bootstrap.events.BeforeBeanDiscoveryImpl addAnnotatedType
WARN: WELD-000146: BeforeBeanDiscovery.addAnnotatedType(AnnotatedType&lt;?&gt;) used for class com.sun.faces.flow.FlowDiscoveryCDIHelper is deprecated from CDI 1.1!
may. 18, 2021 3:53:54 P. M. org.glassfish.deployment.admin.DeployCommand execute
INFO: classes was successfully deployed in 119.124 milliseconds.
may. 18, 2021 3:53:54 P. M. org.eclipse.persistence.session./file:/D:/Universidad - Informática/Tercero/Sistemas de Información para Internet/Trabajo/Tarea 1/ProyectoSII/Proyecto-SII/ProyectoEJB/target/test-classes/_Proyecto-SII
INFO: EclipseLink, version: Eclipse Persistence Services - 2.7.6.v20200131-b7c997804f
may. 18, 2021 3:53:55 P. M. org.eclipse.persistence.session./file:/D:/Universidad - Informática/Tercero/Sistemas de Información para Internet/Trabajo/Tarea 1/ProyectoSII/Proyecto-SII/ProyectoEJB/target/test-classes/_Proyecto-SII.ejb
SEVERE: 
Local Exception Stack: 
Exception [EclipseLink-4002] (Eclipse Persistence Services - 2.7.6.v20200131-b7c997804f): org.eclipse.persistence.exceptions.DatabaseException
Internal Exception: org.h2.jdbc.JdbcSQLInvalidAuthorizationSpecException: Nombre de usuario ó password incorrecto
Wrong user name or password [28000-200]
Error Code: 28000
	at org.eclipse.persistence.exceptions.DatabaseException.sqlException(DatabaseException.java:333)
	at org.eclipse.persistence.exceptions.DatabaseException.sqlException(DatabaseException.java:328)
	at org.eclipse.persistence.sessions.DefaultConnector.connect(DefaultConnector.java:140)
	at org.eclipse.persistence.sessions.DatasourceLogin.connectToDatasource(DatasourceLogin.java:172)
	at org.eclipse.persistence.internal.sessions.DatabaseSessionImpl.setOrDetectDatasource(DatabaseSessionImpl.java:225)
	at org.eclipse.persistence.internal.sessions.DatabaseSessionImpl.loginAndDetectDatasource(DatabaseSessionImpl.java:809)
	at org.eclipse.persistence.internal.jpa.EntityManagerFactoryProvider.login(EntityManagerFactoryProvider.java:256)
	at org.eclipse.persistence.internal.jpa.EntityManagerSetupImpl.deploy(EntityManagerSetupImpl.java:772)
	at org.eclipse.persistence.internal.jpa.EntityManagerFactoryDelegate.getAbstractSession(EntityManagerFactoryDelegate.java:222)
	at org.eclipse.persistence.internal.jpa.EntityManagerFactoryDelegate.getDatabaseSession(EntityManagerFactoryDelegate.java:200)
	at org.eclipse.persistence.internal.jpa.EntityManagerFactoryImpl.getDatabaseSession(EntityManagerFactoryImpl.java:542)
	at org.eclipse.persistence.jpa.PersistenceProvider.createEntityManagerFactoryImpl(PersistenceProvider.java:153)
	at org.eclipse.persistence.jpa.PersistenceProvider.createEntityManagerFactory(PersistenceProvider.java:191)
	at javax.persistence.Persistence.createEntityManagerFactory(Persistence.java:80)
	at javax.persistence.Persistence.createEntityManagerFactory(Persistence.java:55)
	at ejb.BaseDatos.inicializaBaseDatos(BaseDatos.java:25)
	at ejb.SuiteTest.setUpClass(SuiteTest.java:43)
	at java.base/jdk.internal.reflect.NativeMethodAccessorImpl.invoke0(Native Method)
	at java.base/jdk.internal.reflect.NativeMethodAccessorImpl.invoke(NativeMethodAccessorImpl.java:62)
	at java.base/jdk.internal.reflect.DelegatingMethodAccessorImpl.invoke(DelegatingMethodAccessorImpl.java:43)
	at java.base/java.lang.reflect.Method.invoke(Method.java:564)
	at org.junit.runners.model.FrameworkMethod$1.runReflectiveCall(FrameworkMethod.java:59)
	at org.junit.internal.runners.model.ReflectiveCallable.run(ReflectiveCallable.java:12)
	at org.junit.runners.model.FrameworkMethod.invokeExplosively(FrameworkMethod.java:56)
	at org.junit.internal.runners.statements.RunBefores.invokeMethod(RunBefores.java:33)
	at org.junit.internal.runners.statements.RunBefores.evaluate(RunBefores.java:24)
	at org.junit.internal.runners.statements.RunAfters.evaluate(RunAfters.java:27)
	at org.junit.runners.ParentRunner$3.evaluate(ParentRunner.java:306)
	at org.junit.runners.ParentRunner.run(ParentRunner.java:413)
	at org.apache.maven.surefire.junit4.JUnit4Provider.execute(JUnit4Provider.java:252)
	at org.apache.maven.surefire.junit4.JUnit4Provider.executeTestSet(JUnit4Provider.java:141)
	at org.apache.maven.surefire.junit4.JUnit4Provider.invoke(JUnit4Provider.java:112)
	at java.base/jdk.internal.reflect.NativeMethodAccessorImpl.invoke0(Native Method)
	at java.base/jdk.internal.reflect.NativeMethodAccessorImpl.invoke(NativeMethodAccessorImpl.java:62)
	at java.base/jdk.internal.reflect.DelegatingMethodAccessorImpl.invoke(DelegatingMethodAccessorImpl.java:43)
	at java.base/java.lang.reflect.Method.invoke(Method.java:564)
	at org.apache.maven.surefire.util.ReflectionUtils.invokeMethodWithArray(ReflectionUtils.java:189)
	at org.apache.maven.surefire.booter.ProviderFactory$ProviderProxy.invoke(ProviderFactory.java:165)
	at org.apache.maven.surefire.booter.ProviderFactory.invokeProvider(ProviderFactory.java:85)
	at org.apache.maven.surefire.booter.ForkedBooter.runSuitesInProcess(ForkedBooter.java:115)
	at org.apache.maven.surefire.booter.ForkedBooter.main(ForkedBooter.java:75)
Caused by: org.h2.jdbc.JdbcSQLInvalidAuthorizationSpecException: Nombre de usuario ó password incorrecto
Wrong user name or password [28000-200]
	at org.h2.message.DbException.getJdbcSQLException(DbException.java:461)
	at org.h2.message.DbException.getJdbcSQLException(DbException.java:429)
	at org.h2.message.DbException.get(DbException.java:205)
	at org.h2.message.DbException.get(DbException.java:181)
	at org.h2.message.DbException.get(DbException.java:170)
	at org.h2.engine.Engine.validateUserAndPassword(Engine.java:357)
	at org.h2.engine.Engine.createSessionAndValidate(Engine.java:176)
	at org.h2.engine.Engine.createSession(Engine.java:166)
	at org.h2.engine.Engine.createSession(Engine.java:29)
	at org.h2.engine.SessionRemote.connectEmbeddedOrServer(SessionRemote.java:340)
	at org.h2.jdbc.JdbcConnection.&lt;init&gt;(JdbcConnection.java:173)
	at org.h2.jdbc.JdbcConnection.&lt;init&gt;(JdbcConnection.java:152)
	at org.h2.Driver.connect(Driver.java:69)
	at java.sql/java.sql.DriverManager.getConnection(DriverManager.java:677)
	at java.sql/java.sql.DriverManager.getConnection(DriverManager.java:189)
	at org.eclipse.persistence.sessions.DefaultConnector.connect(DefaultConnector.java:100)
	... 38 more

may. 18, 2021 3:53:55 P. M. org.eclipse.persistence.session./file:/C:/Users/Efrain/AppData/Local/Temp/gfembed1483536951362777227tmp/applications/classes/_Proyecto-SII.connection
INFO: /file:/C:/Users/Efrain/AppData/Local/Temp/gfembed1483536951362777227tmp/applications/classes/_Proyecto-SII logout successful
may. 18, 2021 3:54:09 P. M. com.sun.enterprise.connectors.service.ConnectorResourceAdminServiceImpl deleteConnectorResource
SEVERE: RAR7133: Unable to remove resource [ java:jboss/datasources/sii ] from jndi
may. 18, 2021 3:54:09 P. M. com.sun.enterprise.connectors.service.ConnectorResourceAdminServiceImpl deleteConnectorResource
SEVERE: 
com.sun.appserv.connectors.internal.api.ConnectorRuntimeException: Failed to delete connector resource from jndi
	at com.sun.enterprise.connectors.service.ConnectorResourceAdminServiceImpl.deleteConnectorResource(ConnectorResourceAdminServiceImpl.java:157)
	at com.sun.enterprise.connectors.ConnectorRuntime.deleteConnectorResource(ConnectorRuntime.java:356)
	at org.glassfish.jdbc.deployer.JdbcResourceDeployer.deleteResource(JdbcResourceDeployer.java:133)
	at org.glassfish.jdbc.deployer.JdbcResourceDeployer.undeployResource(JdbcResourceDeployer.java:128)
	at org.glassfish.resourcebase.resources.listener.ResourceManager.undeployResources(ResourceManager.java:213)
	at com.sun.enterprise.connectors.ConnectorRuntime.cleanUpResourcesAndShutdownAllActiveRAs(ConnectorRuntime.java:976)
	at org.glassfish.ejb.embedded.EJBContainerImpl.cleanupConnectorRuntime(EJBContainerImpl.java:228)
	at org.glassfish.ejb.embedded.EJBContainerImpl.forceClose(EJBContainerImpl.java:168)
	at org.glassfish.ejb.embedded.EJBContainerImpl.close(EJBContainerImpl.java:155)
	at ejb.SuiteTest.tearDownClass(SuiteTest.java:49)
	at java.base/jdk.internal.reflect.NativeMethodAccessorImpl.invoke0(Native Method)
	at java.base/jdk.internal.reflect.NativeMethodAccessorImpl.invoke(NativeMethodAccessorImpl.java:62)
	at java.base/jdk.internal.reflect.DelegatingMethodAccessorImpl.invoke(DelegatingMethodAccessorImpl.java:43)
	at java.base/java.lang.reflect.Method.invoke(Method.java:564)
	at org.junit.runners.model.FrameworkMethod$1.runReflectiveCall(FrameworkMethod.java:59)
	at org.junit.internal.runners.model.ReflectiveCallable.run(ReflectiveCallable.java:12)
	at org.junit.runners.model.FrameworkMethod.invokeExplosively(FrameworkMethod.java:56)
	at org.junit.internal.runners.statements.RunAfters.invokeMethod(RunAfters.java:46)
	at org.junit.internal.runners.statements.RunAfters.evaluate(RunAfters.java:33)
	at org.junit.runners.ParentRunner$3.evaluate(ParentRunner.java:306)
	at org.junit.runners.ParentRunner.run(ParentRunner.java:413)
	at org.apache.maven.surefire.junit4.JUnit4Provider.execute(JUnit4Provider.java:252)
	at org.apache.maven.surefire.junit4.JUnit4Provider.executeTestSet(JUnit4Provider.java:141)
	at org.apache.maven.surefire.junit4.JUnit4Provider.invoke(JUnit4Provider.java:112)
	at java.base/jdk.internal.reflect.NativeMethodAccessorImpl.invoke0(Native Method)
	at java.base/jdk.internal.reflect.NativeMethodAccessorImpl.invoke(NativeMethodAccessorImpl.java:62)
	at java.base/jdk.internal.reflect.DelegatingMethodAccessorImpl.invoke(DelegatingMethodAccessorImpl.java:43)
	at java.base/java.lang.reflect.Method.invoke(Method.java:564)
	at org.apache.maven.surefire.util.ReflectionUtils.invokeMethodWithArray(ReflectionUtils.java:189)
	at org.apache.maven.surefire.booter.ProviderFactory$ProviderProxy.invoke(ProviderFactory.java:165)
	at org.apache.maven.surefire.booter.ProviderFactory.invokeProvider(ProviderFactory.java:85)
	at org.apache.maven.surefire.booter.ForkedBooter.runSuitesInProcess(ForkedBooter.java:115)
	at org.apache.maven.surefire.booter.ForkedBooter.main(ForkedBooter.java:75)
Caused by: javax.naming.NamingException: java:comp namespace cannot be modified
	at com.sun.enterprise.naming.impl.JavaURLContext.unbind(JavaURLContext.java:273)
	at com.sun.enterprise.naming.impl.SerialContext.unbind(SerialContext.java:681)
	at java.naming/javax.naming.InitialContext.unbind(InitialContext.java:433)
	at java.naming/javax.naming.InitialContext.unbind(InitialContext.java:433)
	at com.sun.enterprise.naming.impl.GlassfishNamingManagerImpl.unpublishObject(GlassfishNamingManagerImpl.java:226)
	at org.glassfish.resourcebase.resources.naming.ResourceNamingService.unpublishObject(ResourceNamingService.java:175)
	at com.sun.enterprise.connectors.service.ConnectorResourceAdminServiceImpl.deleteConnectorResource(ConnectorResourceAdminServiceImpl.java:142)
	... 32 more

may. 18, 2021 3:54:09 P. M. org.glassfish.resourcebase.resources.listener.ResourceManager undeployResources
WARNING: Unable to undeploy resource [java:jboss/datasources/sii] due to following exception: [com.sun.appserv.connectors.internal.api.ConnectorRuntimeException: Failed to delete connector resource from jndi].
may. 18, 2021 3:54:09 P. M. com.sun.enterprise.connectors.service.ResourceAdapterAdminServiceImpl sendStopToResourceAdapter
INFO: RAR7094: __ds_jdbc_ra shutdown successful.
may. 18, 2021 3:54:09 P. M. org.glassfish.admin.mbeanserver.JMXStartupService shutdown
INFO: JMXStartupService and JMXConnectors have been shut down.
may. 18, 2021 3:54:09 P. M. com.sun.enterprise.connectors.service.ConnectorResourceAdminServiceImpl deleteConnectorResource
SEVERE: RAR7133: Unable to remove resource [ java:jboss/datasources/sii ] from jndi
may. 18, 2021 3:54:09 P. M. com.sun.enterprise.connectors.service.ConnectorResourceAdminServiceImpl deleteConnectorResource
SEVERE: 
com.sun.appserv.connectors.internal.api.ConnectorRuntimeException: Failed to delete connector resource from jndi
	at com.sun.enterprise.connectors.service.ConnectorResourceAdminServiceImpl.deleteConnectorResource(ConnectorResourceAdminServiceImpl.java:157)
	at com.sun.enterprise.connectors.ConnectorRuntime.deleteConnectorResource(ConnectorRuntime.java:356)
	at org.glassfish.jdbc.deployer.JdbcResourceDeployer.deleteResource(JdbcResourceDeployer.java:133)
	at org.glassfish.jdbc.deployer.JdbcResourceDeployer.undeployResource(JdbcResourceDeployer.java:128)
	at org.glassfish.resourcebase.resources.listener.ResourceManager.undeployResources(ResourceManager.java:213)
	at com.sun.enterprise.connectors.ConnectorRuntime.cleanUpResourcesAndShutdownAllActiveRAs(ConnectorRuntime.java:976)
	at com.sun.appserv.connectors.internal.ConnectorResourceManagerLifecycleListener.resourceManagerShutdown(ConnectorResourceManagerLifecycleListener.java:169)
	at com.sun.appserv.connectors.internal.ConnectorResourceManagerLifecycleListener.resourceManagerLifecycleEvent(ConnectorResourceManagerLifecycleListener.java:155)
	at org.glassfish.resourcebase.resources.listener.ResourceManager.notifyListeners(ResourceManager.java:113)
	at org.glassfish.resourcebase.resources.listener.ResourceManager.preDestroy(ResourceManager.java:187)
	at org.jvnet.hk2.internal.ClazzCreator.preDestroyMe(ClazzCreator.java:316)
	at org.jvnet.hk2.internal.ClazzCreator.dispose(ClazzCreator.java:381)
	at org.jvnet.hk2.internal.SystemDescriptor.dispose(SystemDescriptor.java:518)
	at org.glassfish.hk2.runlevel.internal.AsyncRunLevelContext.destroyOne(AsyncRunLevelContext.java:403)
	at org.glassfish.hk2.runlevel.RunLevelContext.destroyOne(RunLevelContext.java:81)
	at org.jvnet.hk2.internal.ServiceHandleImpl.destroy(ServiceHandleImpl.java:165)
	at org.glassfish.hk2.runlevel.internal.CurrentTaskFuture$DownQueueRunner.run(CurrentTaskFuture.java:1270)
	at java.base/java.util.concurrent.ThreadPoolExecutor.runWorker(ThreadPoolExecutor.java:1130)
	at java.base/java.util.concurrent.ThreadPoolExecutor$Worker.run(ThreadPoolExecutor.java:630)
	at java.base/java.lang.Thread.run(Thread.java:832)
Caused by: javax.naming.NamingException: java:comp namespace cannot be modified
	at com.sun.enterprise.naming.impl.JavaURLContext.unbind(JavaURLContext.java:273)
	at com.sun.enterprise.naming.impl.SerialContext.unbind(SerialContext.java:681)
	at java.naming/javax.naming.InitialContext.unbind(InitialContext.java:433)
	at java.naming/javax.naming.InitialContext.unbind(InitialContext.java:433)
	at com.sun.enterprise.naming.impl.GlassfishNamingManagerImpl.unpublishObject(GlassfishNamingManagerImpl.java:226)
	at org.glassfish.resourcebase.resources.naming.ResourceNamingService.unpublishObject(ResourceNamingService.java:175)
	at com.sun.enterprise.connectors.service.ConnectorResourceAdminServiceImpl.deleteConnectorResource(ConnectorResourceAdminServiceImpl.java:142)
	... 19 more

may. 18, 2021 3:54:09 P. M. org.glassfish.resourcebase.resources.listener.ResourceManager undeployResources
WARNING: Unable to undeploy resource [java:jboss/datasources/sii] due to following exception: [com.sun.appserv.connectors.internal.api.ConnectorRuntimeException: Failed to delete connector resource from jndi].
may. 18, 2021 3:54:09 P. M. com.sun.enterprise.v3.server.AppServerStartup stop
INFO: Shutdown procedure finished
</system-err>
  </testcase>
</testsuite>